2017-11-03 16:42:34 [scrapy.utils.log] INFO: Scrapy 1.4.0 started (bot: qq_login)
2017-11-03 16:42:34 [scrapy.utils.log] INFO: Overridden settings: {'BOT_NAME': 'qq_login', 'LOG_FILE': 'scrapy.log', 'NEWSPIDER_MODULE': 'qq_login.spiders', 'SPIDER_MODULES': ['qq_login.spiders']}
2017-11-03 16:42:34 [scrapy.middleware] INFO: Enabled extensions:
['scrapy.extensions.corestats.CoreStats',
 'scrapy.extensions.telnet.TelnetConsole',
 'scrapy.extensions.memusage.MemoryUsage',
 'scrapy.extensions.logstats.LogStats']
2017-11-03 16:42:34 [scrapy.middleware] INFO: Enabled downloader middlewares:
['scrapy.downloadermiddlewares.httpauth.HttpAuthMiddleware',
 'scrapy.downloadermiddlewares.downloadtimeout.DownloadTimeoutMiddleware',
 'scrapy.downloadermiddlewares.defaultheaders.DefaultHeadersMiddleware',
 'scrapy.downloadermiddlewares.useragent.UserAgentMiddleware',
 'scrapy.downloadermiddlewares.retry.RetryMiddleware',
 'scrapy.downloadermiddlewares.redirect.MetaRefreshMiddleware',
 'scrapy.downloadermiddlewares.httpcompression.HttpCompressionMiddleware',
 'scrapy.downloadermiddlewares.redirect.RedirectMiddleware',
 'scrapy.downloadermiddlewares.cookies.CookiesMiddleware',
 'scrapy.downloadermiddlewares.httpproxy.HttpProxyMiddleware',
 'scrapy.downloadermiddlewares.stats.DownloaderStats']
2017-11-03 16:42:34 [scrapy.middleware] INFO: Enabled spider middlewares:
['scrapy.spidermiddlewares.httperror.HttpErrorMiddleware',
 'scrapy.spidermiddlewares.offsite.OffsiteMiddleware',
 'scrapy.spidermiddlewares.referer.RefererMiddleware',
 'scrapy.spidermiddlewares.urllength.UrlLengthMiddleware',
 'scrapy.spidermiddlewares.depth.DepthMiddleware']
2017-11-03 16:42:34 [scrapy.middleware] INFO: Enabled item pipelines:
[]
2017-11-03 16:42:34 [scrapy.core.engine] INFO: Spider opened
2017-11-03 16:42:34 [scrapy.extensions.logstats] INFO: Crawled 0 pages (at 0 pages/min), scraped 0 items (at 0 items/min)
2017-11-03 16:42:34 [scrapy.extensions.telnet] DEBUG: Telnet console listening on 127.0.0.1:6023
2017-11-03 16:42:34 [scrapy.core.engine] DEBUG: Crawled (200) <GET https://qzone.qq.com> (referer: https://qzs.qzone.qq.com/qzone/v5/loginsucc.html?para=izone&from=iqq)
2017-11-03 16:42:35 [scrapy.core.engine] INFO: Closing spider (finished)
2017-11-03 16:42:35 [scrapy.statscollectors] INFO: Dumping Scrapy stats:
{'downloader/request_bytes': 1003,
 'downloader/request_count': 1,
 'downloader/request_method_count/GET': 1,
 'downloader/response_bytes': 11961,
 'downloader/response_count': 1,
 'downloader/response_status_count/200': 1,
 'finish_reason': 'finished',
 'finish_time': datetime.datetime(2017, 11, 3, 8, 42, 35, 36579),
 'log_count/DEBUG': 2,
 'log_count/INFO': 7,
 'memusage/max': 65052672,
 'memusage/startup': 65052672,
 'response_received_count': 1,
 'scheduler/dequeued': 1,
 'scheduler/dequeued/memory': 1,
 'scheduler/enqueued': 1,
 'scheduler/enqueued/memory': 1,
 'start_time': datetime.datetime(2017, 11, 3, 8, 42, 34, 761355)}
2017-11-03 16:42:35 [scrapy.core.engine] INFO: Spider closed (finished)
2017-11-03 16:44:56 [scrapy.utils.log] INFO: Scrapy 1.4.0 started (bot: qq_login)
2017-11-03 16:44:56 [scrapy.utils.log] INFO: Overridden settings: {'BOT_NAME': 'qq_login', 'LOG_FILE': 'scrapy.log', 'NEWSPIDER_MODULE': 'qq_login.spiders', 'SPIDER_MODULES': ['qq_login.spiders']}
2017-11-03 16:44:56 [scrapy.middleware] INFO: Enabled extensions:
['scrapy.extensions.corestats.CoreStats',
 'scrapy.extensions.telnet.TelnetConsole',
 'scrapy.extensions.memusage.MemoryUsage',
 'scrapy.extensions.logstats.LogStats']
2017-11-03 16:44:56 [scrapy.middleware] INFO: Enabled downloader middlewares:
['scrapy.downloadermiddlewares.httpauth.HttpAuthMiddleware',
 'scrapy.downloadermiddlewares.downloadtimeout.DownloadTimeoutMiddleware',
 'scrapy.downloadermiddlewares.defaultheaders.DefaultHeadersMiddleware',
 'scrapy.downloadermiddlewares.useragent.UserAgentMiddleware',
 'scrapy.downloadermiddlewares.retry.RetryMiddleware',
 'scrapy.downloadermiddlewares.redirect.MetaRefreshMiddleware',
 'scrapy.downloadermiddlewares.httpcompression.HttpCompressionMiddleware',
 'scrapy.downloadermiddlewares.redirect.RedirectMiddleware',
 'scrapy.downloadermiddlewares.cookies.CookiesMiddleware',
 'scrapy.downloadermiddlewares.httpproxy.HttpProxyMiddleware',
 'scrapy.downloadermiddlewares.stats.DownloaderStats']
2017-11-03 16:44:56 [scrapy.middleware] INFO: Enabled spider middlewares:
['scrapy.spidermiddlewares.httperror.HttpErrorMiddleware',
 'scrapy.spidermiddlewares.offsite.OffsiteMiddleware',
 'scrapy.spidermiddlewares.referer.RefererMiddleware',
 'scrapy.spidermiddlewares.urllength.UrlLengthMiddleware',
 'scrapy.spidermiddlewares.depth.DepthMiddleware']
2017-11-03 16:44:56 [scrapy.middleware] INFO: Enabled item pipelines:
[]
2017-11-03 16:44:56 [scrapy.core.engine] INFO: Spider opened
2017-11-03 16:44:56 [scrapy.extensions.logstats] INFO: Crawled 0 pages (at 0 pages/min), scraped 0 items (at 0 items/min)
2017-11-03 16:44:56 [scrapy.extensions.telnet] DEBUG: Telnet console listening on 127.0.0.1:6023
2017-11-03 16:44:56 [scrapy.core.engine] DEBUG: Crawled (200) <GET https://qzone.qq.com> (referer: https://qzs.qzone.qq.com/qzone/v5/loginsucc.html?para=izone&from=iqq)
2017-11-03 16:44:56 [scrapy.core.engine] INFO: Closing spider (finished)
2017-11-03 16:44:56 [scrapy.statscollectors] INFO: Dumping Scrapy stats:
{'downloader/request_bytes': 1003,
 'downloader/request_count': 1,
 'downloader/request_method_count/GET': 1,
 'downloader/response_bytes': 11961,
 'downloader/response_count': 1,
 'downloader/response_status_count/200': 1,
 'finish_reason': 'finished',
 'finish_time': datetime.datetime(2017, 11, 3, 8, 44, 56, 702637),
 'log_count/DEBUG': 2,
 'log_count/INFO': 7,
 'memusage/max': 65277952,
 'memusage/startup': 65277952,
 'response_received_count': 1,
 'scheduler/dequeued': 1,
 'scheduler/dequeued/memory': 1,
 'scheduler/enqueued': 1,
 'scheduler/enqueued/memory': 1,
 'start_time': datetime.datetime(2017, 11, 3, 8, 44, 56, 439639)}
2017-11-03 16:44:56 [scrapy.core.engine] INFO: Spider closed (finished)
2017-11-03 16:46:11 [scrapy.utils.log] INFO: Scrapy 1.4.0 started (bot: qq_login)
2017-11-03 16:46:11 [scrapy.utils.log] INFO: Overridden settings: {'BOT_NAME': 'qq_login', 'LOG_FILE': 'scrapy.log', 'NEWSPIDER_MODULE': 'qq_login.spiders', 'SPIDER_MODULES': ['qq_login.spiders']}
2017-11-03 16:46:11 [scrapy.middleware] INFO: Enabled extensions:
['scrapy.extensions.corestats.CoreStats',
 'scrapy.extensions.telnet.TelnetConsole',
 'scrapy.extensions.memusage.MemoryUsage',
 'scrapy.extensions.logstats.LogStats']
2017-11-03 16:46:11 [scrapy.middleware] INFO: Enabled downloader middlewares:
['scrapy.downloadermiddlewares.httpauth.HttpAuthMiddleware',
 'scrapy.downloadermiddlewares.downloadtimeout.DownloadTimeoutMiddleware',
 'scrapy.downloadermiddlewares.defaultheaders.DefaultHeadersMiddleware',
 'scrapy.downloadermiddlewares.useragent.UserAgentMiddleware',
 'scrapy.downloadermiddlewares.retry.RetryMiddleware',
 'scrapy.downloadermiddlewares.redirect.MetaRefreshMiddleware',
 'scrapy.downloadermiddlewares.httpcompression.HttpCompressionMiddleware',
 'scrapy.downloadermiddlewares.redirect.RedirectMiddleware',
 'scrapy.downloadermiddlewares.cookies.CookiesMiddleware',
 'scrapy.downloadermiddlewares.httpproxy.HttpProxyMiddleware',
 'scrapy.downloadermiddlewares.stats.DownloaderStats']
2017-11-03 16:46:11 [scrapy.middleware] INFO: Enabled spider middlewares:
['scrapy.spidermiddlewares.httperror.HttpErrorMiddleware',
 'scrapy.spidermiddlewares.offsite.OffsiteMiddleware',
 'scrapy.spidermiddlewares.referer.RefererMiddleware',
 'scrapy.spidermiddlewares.urllength.UrlLengthMiddleware',
 'scrapy.spidermiddlewares.depth.DepthMiddleware']
2017-11-03 16:46:11 [scrapy.middleware] INFO: Enabled item pipelines:
[]
2017-11-03 16:46:11 [scrapy.core.engine] INFO: Spider opened
2017-11-03 16:46:11 [scrapy.extensions.logstats] INFO: Crawled 0 pages (at 0 pages/min), scraped 0 items (at 0 items/min)
2017-11-03 16:46:11 [scrapy.extensions.telnet] DEBUG: Telnet console listening on 127.0.0.1:6023
2017-11-03 16:46:11 [scrapy.core.engine] DEBUG: Crawled (200) <GET https://qzone.qq.com> (referer: https://qzs.qzone.qq.com/qzone/v5/loginsucc.html?para=izone&from=iqq)
2017-11-03 16:46:11 [scrapy.core.engine] INFO: Closing spider (finished)
2017-11-03 16:46:11 [scrapy.statscollectors] INFO: Dumping Scrapy stats:
{'downloader/request_bytes': 1003,
 'downloader/request_count': 1,
 'downloader/request_method_count/GET': 1,
 'downloader/response_bytes': 40145,
 'downloader/response_count': 1,
 'downloader/response_status_count/200': 1,
 'finish_reason': 'finished',
 'finish_time': datetime.datetime(2017, 11, 3, 8, 46, 11, 662300),
 'log_count/DEBUG': 2,
 'log_count/INFO': 7,
 'memusage/max': 65474560,
 'memusage/startup': 65474560,
 'response_received_count': 1,
 'scheduler/dequeued': 1,
 'scheduler/dequeued/memory': 1,
 'scheduler/enqueued': 1,
 'scheduler/enqueued/memory': 1,
 'start_time': datetime.datetime(2017, 11, 3, 8, 46, 11, 366797)}
2017-11-03 16:46:11 [scrapy.core.engine] INFO: Spider closed (finished)
2017-11-03 16:51:37 [scrapy.utils.log] INFO: Scrapy 1.4.0 started (bot: qq_login)
2017-11-03 16:51:37 [scrapy.utils.log] INFO: Overridden settings: {'BOT_NAME': 'qq_login', 'LOG_FILE': 'scrapy.log', 'NEWSPIDER_MODULE': 'qq_login.spiders', 'SPIDER_MODULES': ['qq_login.spiders']}
2017-11-03 16:51:37 [scrapy.middleware] INFO: Enabled extensions:
['scrapy.extensions.corestats.CoreStats',
 'scrapy.extensions.telnet.TelnetConsole',
 'scrapy.extensions.memusage.MemoryUsage',
 'scrapy.extensions.logstats.LogStats']
2017-11-03 16:51:37 [scrapy.middleware] INFO: Enabled downloader middlewares:
['scrapy.downloadermiddlewares.httpauth.HttpAuthMiddleware',
 'scrapy.downloadermiddlewares.downloadtimeout.DownloadTimeoutMiddleware',
 'scrapy.downloadermiddlewares.defaultheaders.DefaultHeadersMiddleware',
 'scrapy.downloadermiddlewares.useragent.UserAgentMiddleware',
 'scrapy.downloadermiddlewares.retry.RetryMiddleware',
 'scrapy.downloadermiddlewares.redirect.MetaRefreshMiddleware',
 'scrapy.downloadermiddlewares.httpcompression.HttpCompressionMiddleware',
 'scrapy.downloadermiddlewares.redirect.RedirectMiddleware',
 'scrapy.downloadermiddlewares.cookies.CookiesMiddleware',
 'scrapy.downloadermiddlewares.httpproxy.HttpProxyMiddleware',
 'scrapy.downloadermiddlewares.stats.DownloaderStats']
2017-11-03 16:51:37 [scrapy.middleware] INFO: Enabled spider middlewares:
['scrapy.spidermiddlewares.httperror.HttpErrorMiddleware',
 'scrapy.spidermiddlewares.offsite.OffsiteMiddleware',
 'scrapy.spidermiddlewares.referer.RefererMiddleware',
 'scrapy.spidermiddlewares.urllength.UrlLengthMiddleware',
 'scrapy.spidermiddlewares.depth.DepthMiddleware']
2017-11-03 16:51:37 [scrapy.middleware] INFO: Enabled item pipelines:
[]
2017-11-03 16:51:37 [scrapy.core.engine] INFO: Spider opened
2017-11-03 16:51:37 [scrapy.extensions.logstats] INFO: Crawled 0 pages (at 0 pages/min), scraped 0 items (at 0 items/min)
2017-11-03 16:51:37 [scrapy.extensions.telnet] DEBUG: Telnet console listening on 127.0.0.1:6023
2017-11-03 16:51:37 [scrapy.core.engine] DEBUG: Crawled (200) <GET https://qzone.qq.com> (referer: https://qzs.qzone.qq.com/qzone/v5/loginsucc.html?para=izone&from=iqq)
2017-11-03 16:51:37 [scrapy.core.engine] INFO: Closing spider (finished)
2017-11-03 16:51:37 [scrapy.statscollectors] INFO: Dumping Scrapy stats:
{'downloader/request_bytes': 1023,
 'downloader/request_count': 1,
 'downloader/request_method_count/GET': 1,
 'downloader/response_bytes': 11960,
 'downloader/response_count': 1,
 'downloader/response_status_count/200': 1,
 'finish_reason': 'finished',
 'finish_time': datetime.datetime(2017, 11, 3, 8, 51, 37, 939393),
 'log_count/DEBUG': 2,
 'log_count/INFO': 7,
 'memusage/max': 65396736,
 'memusage/startup': 65396736,
 'response_received_count': 1,
 'scheduler/dequeued': 1,
 'scheduler/dequeued/memory': 1,
 'scheduler/enqueued': 1,
 'scheduler/enqueued/memory': 1,
 'start_time': datetime.datetime(2017, 11, 3, 8, 51, 37, 680974)}
2017-11-03 16:51:37 [scrapy.core.engine] INFO: Spider closed (finished)
2017-11-03 16:51:55 [scrapy.utils.log] INFO: Scrapy 1.4.0 started (bot: qq_login)
2017-11-03 16:51:55 [scrapy.utils.log] INFO: Overridden settings: {'BOT_NAME': 'qq_login', 'LOG_FILE': 'scrapy.log', 'NEWSPIDER_MODULE': 'qq_login.spiders', 'SPIDER_MODULES': ['qq_login.spiders']}
2017-11-03 16:51:56 [scrapy.middleware] INFO: Enabled extensions:
['scrapy.extensions.corestats.CoreStats',
 'scrapy.extensions.telnet.TelnetConsole',
 'scrapy.extensions.memusage.MemoryUsage',
 'scrapy.extensions.logstats.LogStats']
2017-11-03 16:51:56 [scrapy.middleware] INFO: Enabled downloader middlewares:
['scrapy.downloadermiddlewares.httpauth.HttpAuthMiddleware',
 'scrapy.downloadermiddlewares.downloadtimeout.DownloadTimeoutMiddleware',
 'scrapy.downloadermiddlewares.defaultheaders.DefaultHeadersMiddleware',
 'scrapy.downloadermiddlewares.useragent.UserAgentMiddleware',
 'scrapy.downloadermiddlewares.retry.RetryMiddleware',
 'scrapy.downloadermiddlewares.redirect.MetaRefreshMiddleware',
 'scrapy.downloadermiddlewares.httpcompression.HttpCompressionMiddleware',
 'scrapy.downloadermiddlewares.redirect.RedirectMiddleware',
 'scrapy.downloadermiddlewares.cookies.CookiesMiddleware',
 'scrapy.downloadermiddlewares.httpproxy.HttpProxyMiddleware',
 'scrapy.downloadermiddlewares.stats.DownloaderStats']
2017-11-03 16:51:56 [scrapy.middleware] INFO: Enabled spider middlewares:
['scrapy.spidermiddlewares.httperror.HttpErrorMiddleware',
 'scrapy.spidermiddlewares.offsite.OffsiteMiddleware',
 'scrapy.spidermiddlewares.referer.RefererMiddleware',
 'scrapy.spidermiddlewares.urllength.UrlLengthMiddleware',
 'scrapy.spidermiddlewares.depth.DepthMiddleware']
2017-11-03 16:51:56 [scrapy.middleware] INFO: Enabled item pipelines:
[]
2017-11-03 16:51:56 [scrapy.core.engine] INFO: Spider opened
2017-11-03 16:51:56 [scrapy.extensions.logstats] INFO: Crawled 0 pages (at 0 pages/min), scraped 0 items (at 0 items/min)
2017-11-03 16:51:56 [scrapy.extensions.telnet] DEBUG: Telnet console listening on 127.0.0.1:6023
2017-11-03 16:51:56 [scrapy.core.engine] DEBUG: Crawled (200) <GET https://qzone.qq.com> (referer: https://qzs.qzone.qq.com/qzone/v5/loginsucc.html?para=izone&from=iqq)
2017-11-03 16:51:56 [scrapy.core.engine] INFO: Closing spider (finished)
2017-11-03 16:51:56 [scrapy.statscollectors] INFO: Dumping Scrapy stats:
{'downloader/request_bytes': 1023,
 'downloader/request_count': 1,
 'downloader/request_method_count/GET': 1,
 'downloader/response_bytes': 11960,
 'downloader/response_count': 1,
 'downloader/response_status_count/200': 1,
 'finish_reason': 'finished',
 'finish_time': datetime.datetime(2017, 11, 3, 8, 51, 56, 331876),
 'log_count/DEBUG': 2,
 'log_count/INFO': 7,
 'memusage/max': 65404928,
 'memusage/startup': 65404928,
 'response_received_count': 1,
 'scheduler/dequeued': 1,
 'scheduler/dequeued/memory': 1,
 'scheduler/enqueued': 1,
 'scheduler/enqueued/memory': 1,
 'start_time': datetime.datetime(2017, 11, 3, 8, 51, 56, 95928)}
2017-11-03 16:51:56 [scrapy.core.engine] INFO: Spider closed (finished)
2017-11-03 16:54:03 [scrapy.utils.log] INFO: Scrapy 1.4.0 started (bot: qq_login)
2017-11-03 16:54:03 [scrapy.utils.log] INFO: Overridden settings: {'BOT_NAME': 'qq_login', 'LOG_FILE': 'scrapy.log', 'NEWSPIDER_MODULE': 'qq_login.spiders', 'SPIDER_MODULES': ['qq_login.spiders']}
2017-11-03 16:54:03 [scrapy.middleware] INFO: Enabled extensions:
['scrapy.extensions.corestats.CoreStats',
 'scrapy.extensions.telnet.TelnetConsole',
 'scrapy.extensions.memusage.MemoryUsage',
 'scrapy.extensions.logstats.LogStats']
2017-11-03 16:54:03 [scrapy.middleware] INFO: Enabled downloader middlewares:
['scrapy.downloadermiddlewares.httpauth.HttpAuthMiddleware',
 'scrapy.downloadermiddlewares.downloadtimeout.DownloadTimeoutMiddleware',
 'scrapy.downloadermiddlewares.defaultheaders.DefaultHeadersMiddleware',
 'scrapy.downloadermiddlewares.useragent.UserAgentMiddleware',
 'scrapy.downloadermiddlewares.retry.RetryMiddleware',
 'scrapy.downloadermiddlewares.redirect.MetaRefreshMiddleware',
 'scrapy.downloadermiddlewares.httpcompression.HttpCompressionMiddleware',
 'scrapy.downloadermiddlewares.redirect.RedirectMiddleware',
 'scrapy.downloadermiddlewares.cookies.CookiesMiddleware',
 'scrapy.downloadermiddlewares.httpproxy.HttpProxyMiddleware',
 'scrapy.downloadermiddlewares.stats.DownloaderStats']
2017-11-03 16:54:03 [scrapy.middleware] INFO: Enabled spider middlewares:
['scrapy.spidermiddlewares.httperror.HttpErrorMiddleware',
 'scrapy.spidermiddlewares.offsite.OffsiteMiddleware',
 'scrapy.spidermiddlewares.referer.RefererMiddleware',
 'scrapy.spidermiddlewares.urllength.UrlLengthMiddleware',
 'scrapy.spidermiddlewares.depth.DepthMiddleware']
2017-11-03 16:54:03 [scrapy.middleware] INFO: Enabled item pipelines:
[]
2017-11-03 16:54:03 [scrapy.core.engine] INFO: Spider opened
2017-11-03 16:54:03 [scrapy.extensions.logstats] INFO: Crawled 0 pages (at 0 pages/min), scraped 0 items (at 0 items/min)
2017-11-03 16:54:03 [scrapy.extensions.telnet] DEBUG: Telnet console listening on 127.0.0.1:6023
2017-11-03 16:54:03 [scrapy.core.engine] DEBUG: Crawled (200) <GET https://qzone.qq.com> (referer: https://qzs.qzone.qq.com/qzone/v5/loginsucc.html?para=izone&from=iqq)
2017-11-03 16:54:03 [scrapy.core.engine] INFO: Closing spider (finished)
2017-11-03 16:54:03 [scrapy.statscollectors] INFO: Dumping Scrapy stats:
{'downloader/request_bytes': 762,
 'downloader/request_count': 1,
 'downloader/request_method_count/GET': 1,
 'downloader/response_bytes': 11961,
 'downloader/response_count': 1,
 'downloader/response_status_count/200': 1,
 'finish_reason': 'finished',
 'finish_time': datetime.datetime(2017, 11, 3, 8, 54, 3, 557030),
 'log_count/DEBUG': 2,
 'log_count/INFO': 7,
 'memusage/max': 65458176,
 'memusage/startup': 65458176,
 'response_received_count': 1,
 'scheduler/dequeued': 1,
 'scheduler/dequeued/memory': 1,
 'scheduler/enqueued': 1,
 'scheduler/enqueued/memory': 1,
 'start_time': datetime.datetime(2017, 11, 3, 8, 54, 3, 281911)}
2017-11-03 16:54:03 [scrapy.core.engine] INFO: Spider closed (finished)
2017-11-03 16:55:33 [scrapy.utils.log] INFO: Scrapy 1.4.0 started (bot: qq_login)
2017-11-03 16:55:33 [scrapy.utils.log] INFO: Overridden settings: {'BOT_NAME': 'qq_login', 'LOG_FILE': 'scrapy.log', 'NEWSPIDER_MODULE': 'qq_login.spiders', 'SPIDER_MODULES': ['qq_login.spiders']}
2017-11-03 16:55:33 [scrapy.middleware] INFO: Enabled extensions:
['scrapy.extensions.corestats.CoreStats',
 'scrapy.extensions.telnet.TelnetConsole',
 'scrapy.extensions.memusage.MemoryUsage',
 'scrapy.extensions.logstats.LogStats']
2017-11-03 16:55:33 [scrapy.middleware] INFO: Enabled downloader middlewares:
['scrapy.downloadermiddlewares.httpauth.HttpAuthMiddleware',
 'scrapy.downloadermiddlewares.downloadtimeout.DownloadTimeoutMiddleware',
 'scrapy.downloadermiddlewares.defaultheaders.DefaultHeadersMiddleware',
 'scrapy.downloadermiddlewares.useragent.UserAgentMiddleware',
 'scrapy.downloadermiddlewares.retry.RetryMiddleware',
 'scrapy.downloadermiddlewares.redirect.MetaRefreshMiddleware',
 'scrapy.downloadermiddlewares.httpcompression.HttpCompressionMiddleware',
 'scrapy.downloadermiddlewares.redirect.RedirectMiddleware',
 'scrapy.downloadermiddlewares.cookies.CookiesMiddleware',
 'scrapy.downloadermiddlewares.httpproxy.HttpProxyMiddleware',
 'scrapy.downloadermiddlewares.stats.DownloaderStats']
2017-11-03 16:55:33 [scrapy.middleware] INFO: Enabled spider middlewares:
['scrapy.spidermiddlewares.httperror.HttpErrorMiddleware',
 'scrapy.spidermiddlewares.offsite.OffsiteMiddleware',
 'scrapy.spidermiddlewares.referer.RefererMiddleware',
 'scrapy.spidermiddlewares.urllength.UrlLengthMiddleware',
 'scrapy.spidermiddlewares.depth.DepthMiddleware']
2017-11-03 16:55:33 [scrapy.middleware] INFO: Enabled item pipelines:
[]
2017-11-03 16:55:33 [scrapy.core.engine] INFO: Spider opened
2017-11-03 16:55:33 [scrapy.extensions.logstats] INFO: Crawled 0 pages (at 0 pages/min), scraped 0 items (at 0 items/min)
2017-11-03 16:55:33 [scrapy.extensions.telnet] DEBUG: Telnet console listening on 127.0.0.1:6023
2017-11-03 16:55:34 [scrapy.core.engine] DEBUG: Crawled (200) <GET https://qzone.qq.com> (referer: https://qzs.qzone.qq.com/qzone/v5/loginsucc.html?para=izone&from=iqq)
2017-11-03 16:55:34 [scrapy.core.engine] INFO: Closing spider (finished)
2017-11-03 16:55:34 [scrapy.statscollectors] INFO: Dumping Scrapy stats:
{'downloader/request_bytes': 1003,
 'downloader/request_count': 1,
 'downloader/request_method_count/GET': 1,
 'downloader/response_bytes': 40145,
 'downloader/response_count': 1,
 'downloader/response_status_count/200': 1,
 'finish_reason': 'finished',
 'finish_time': datetime.datetime(2017, 11, 3, 8, 55, 34, 181026),
 'log_count/DEBUG': 2,
 'log_count/INFO': 7,
 'memusage/max': 65347584,
 'memusage/startup': 65347584,
 'response_received_count': 1,
 'scheduler/dequeued': 1,
 'scheduler/dequeued/memory': 1,
 'scheduler/enqueued': 1,
 'scheduler/enqueued/memory': 1,
 'start_time': datetime.datetime(2017, 11, 3, 8, 55, 33, 927562)}
2017-11-03 16:55:34 [scrapy.core.engine] INFO: Spider closed (finished)
2017-11-03 16:57:29 [scrapy.utils.log] INFO: Scrapy 1.4.0 started (bot: qq_login)
2017-11-03 16:57:29 [scrapy.utils.log] INFO: Overridden settings: {'BOT_NAME': 'qq_login', 'LOG_FILE': 'scrapy.log', 'NEWSPIDER_MODULE': 'qq_login.spiders', 'SPIDER_MODULES': ['qq_login.spiders']}
2017-11-03 16:57:29 [scrapy.middleware] INFO: Enabled extensions:
['scrapy.extensions.corestats.CoreStats',
 'scrapy.extensions.telnet.TelnetConsole',
 'scrapy.extensions.memusage.MemoryUsage',
 'scrapy.extensions.logstats.LogStats']
2017-11-03 16:57:29 [scrapy.middleware] INFO: Enabled downloader middlewares:
['scrapy.downloadermiddlewares.httpauth.HttpAuthMiddleware',
 'scrapy.downloadermiddlewares.downloadtimeout.DownloadTimeoutMiddleware',
 'scrapy.downloadermiddlewares.defaultheaders.DefaultHeadersMiddleware',
 'scrapy.downloadermiddlewares.useragent.UserAgentMiddleware',
 'scrapy.downloadermiddlewares.retry.RetryMiddleware',
 'scrapy.downloadermiddlewares.redirect.MetaRefreshMiddleware',
 'scrapy.downloadermiddlewares.httpcompression.HttpCompressionMiddleware',
 'scrapy.downloadermiddlewares.redirect.RedirectMiddleware',
 'scrapy.downloadermiddlewares.cookies.CookiesMiddleware',
 'scrapy.downloadermiddlewares.httpproxy.HttpProxyMiddleware',
 'scrapy.downloadermiddlewares.stats.DownloaderStats']
2017-11-03 16:57:29 [scrapy.middleware] INFO: Enabled spider middlewares:
['scrapy.spidermiddlewares.httperror.HttpErrorMiddleware',
 'scrapy.spidermiddlewares.offsite.OffsiteMiddleware',
 'scrapy.spidermiddlewares.referer.RefererMiddleware',
 'scrapy.spidermiddlewares.urllength.UrlLengthMiddleware',
 'scrapy.spidermiddlewares.depth.DepthMiddleware']
2017-11-03 16:57:29 [scrapy.middleware] INFO: Enabled item pipelines:
[]
2017-11-03 16:57:29 [scrapy.core.engine] INFO: Spider opened
2017-11-03 16:57:29 [scrapy.extensions.logstats] INFO: Crawled 0 pages (at 0 pages/min), scraped 0 items (at 0 items/min)
2017-11-03 16:57:29 [scrapy.extensions.telnet] DEBUG: Telnet console listening on 127.0.0.1:6023
2017-11-03 16:57:29 [scrapy.core.engine] DEBUG: Crawled (200) <GET https://i.qq.com/> (referer: https://qzs.qzone.qq.com/qzone/v5/loginsucc.html?para=izone&from=iqq)
2017-11-03 16:57:29 [scrapy.core.engine] INFO: Closing spider (finished)
2017-11-03 16:57:29 [scrapy.statscollectors] INFO: Dumping Scrapy stats:
{'downloader/request_bytes': 999,
 'downloader/request_count': 1,
 'downloader/request_method_count/GET': 1,
 'downloader/response_bytes': 11906,
 'downloader/response_count': 1,
 'downloader/response_status_count/200': 1,
 'finish_reason': 'finished',
 'finish_time': datetime.datetime(2017, 11, 3, 8, 57, 29, 651158),
 'log_count/DEBUG': 2,
 'log_count/INFO': 7,
 'memusage/max': 65368064,
 'memusage/startup': 65368064,
 'response_received_count': 1,
 'scheduler/dequeued': 1,
 'scheduler/dequeued/memory': 1,
 'scheduler/enqueued': 1,
 'scheduler/enqueued/memory': 1,
 'start_time': datetime.datetime(2017, 11, 3, 8, 57, 29, 187412)}
2017-11-03 16:57:29 [scrapy.core.engine] INFO: Spider closed (finished)
2017-11-03 17:05:18 [scrapy.utils.log] INFO: Scrapy 1.4.0 started (bot: qq_login)
2017-11-03 17:05:18 [scrapy.utils.log] INFO: Overridden settings: {'BOT_NAME': 'qq_login', 'LOG_FILE': 'scrapy.log', 'NEWSPIDER_MODULE': 'qq_login.spiders', 'SPIDER_MODULES': ['qq_login.spiders']}
2017-11-03 17:05:18 [scrapy.middleware] INFO: Enabled extensions:
['scrapy.extensions.corestats.CoreStats',
 'scrapy.extensions.telnet.TelnetConsole',
 'scrapy.extensions.memusage.MemoryUsage',
 'scrapy.extensions.logstats.LogStats']
2017-11-03 17:05:19 [scrapy.middleware] INFO: Enabled downloader middlewares:
['scrapy.downloadermiddlewares.httpauth.HttpAuthMiddleware',
 'scrapy.downloadermiddlewares.downloadtimeout.DownloadTimeoutMiddleware',
 'scrapy.downloadermiddlewares.defaultheaders.DefaultHeadersMiddleware',
 'scrapy.downloadermiddlewares.useragent.UserAgentMiddleware',
 'scrapy.downloadermiddlewares.retry.RetryMiddleware',
 'scrapy.downloadermiddlewares.redirect.MetaRefreshMiddleware',
 'scrapy.downloadermiddlewares.httpcompression.HttpCompressionMiddleware',
 'scrapy.downloadermiddlewares.redirect.RedirectMiddleware',
 'scrapy.downloadermiddlewares.cookies.CookiesMiddleware',
 'scrapy.downloadermiddlewares.httpproxy.HttpProxyMiddleware',
 'scrapy.downloadermiddlewares.stats.DownloaderStats']
2017-11-03 17:05:19 [scrapy.middleware] INFO: Enabled spider middlewares:
['scrapy.spidermiddlewares.httperror.HttpErrorMiddleware',
 'scrapy.spidermiddlewares.offsite.OffsiteMiddleware',
 'scrapy.spidermiddlewares.referer.RefererMiddleware',
 'scrapy.spidermiddlewares.urllength.UrlLengthMiddleware',
 'scrapy.spidermiddlewares.depth.DepthMiddleware']
2017-11-03 17:05:19 [scrapy.middleware] INFO: Enabled item pipelines:
[]
2017-11-03 17:05:19 [scrapy.core.engine] INFO: Spider opened
2017-11-03 17:05:19 [scrapy.extensions.logstats] INFO: Crawled 0 pages (at 0 pages/min), scraped 0 items (at 0 items/min)
2017-11-03 17:05:19 [scrapy.extensions.telnet] DEBUG: Telnet console listening on 127.0.0.1:6023
2017-11-03 17:05:19 [scrapy.core.engine] DEBUG: Crawled (200) <GET https://i.qq.com/> (referer: https://qzs.qzone.qq.com/qzone/v5/loginsucc.html?para=izone&from=iqq)
2017-11-03 17:05:19 [scrapy.core.engine] INFO: Closing spider (finished)
2017-11-03 17:05:19 [scrapy.statscollectors] INFO: Dumping Scrapy stats:
{'downloader/request_bytes': 1019,
 'downloader/request_count': 1,
 'downloader/request_method_count/GET': 1,
 'downloader/response_bytes': 11906,
 'downloader/response_count': 1,
 'downloader/response_status_count/200': 1,
 'finish_reason': 'finished',
 'finish_time': datetime.datetime(2017, 11, 3, 9, 5, 19, 516376),
 'log_count/DEBUG': 2,
 'log_count/INFO': 7,
 'memusage/max': 65290240,
 'memusage/startup': 65290240,
 'response_received_count': 1,
 'scheduler/dequeued': 1,
 'scheduler/dequeued/memory': 1,
 'scheduler/enqueued': 1,
 'scheduler/enqueued/memory': 1,
 'start_time': datetime.datetime(2017, 11, 3, 9, 5, 19, 54189)}
2017-11-03 17:05:19 [scrapy.core.engine] INFO: Spider closed (finished)
2017-11-03 17:08:10 [scrapy.utils.log] INFO: Scrapy 1.4.0 started (bot: qq_login)
2017-11-03 17:08:10 [scrapy.utils.log] INFO: Overridden settings: {'BOT_NAME': 'qq_login', 'LOG_FILE': 'scrapy.log', 'NEWSPIDER_MODULE': 'qq_login.spiders', 'SPIDER_MODULES': ['qq_login.spiders']}
2017-11-03 17:08:10 [scrapy.middleware] INFO: Enabled extensions:
['scrapy.extensions.corestats.CoreStats',
 'scrapy.extensions.telnet.TelnetConsole',
 'scrapy.extensions.memusage.MemoryUsage',
 'scrapy.extensions.logstats.LogStats']
2017-11-03 17:08:10 [scrapy.middleware] INFO: Enabled downloader middlewares:
['scrapy.downloadermiddlewares.httpauth.HttpAuthMiddleware',
 'scrapy.downloadermiddlewares.downloadtimeout.DownloadTimeoutMiddleware',
 'scrapy.downloadermiddlewares.defaultheaders.DefaultHeadersMiddleware',
 'scrapy.downloadermiddlewares.useragent.UserAgentMiddleware',
 'scrapy.downloadermiddlewares.retry.RetryMiddleware',
 'scrapy.downloadermiddlewares.redirect.MetaRefreshMiddleware',
 'scrapy.downloadermiddlewares.httpcompression.HttpCompressionMiddleware',
 'scrapy.downloadermiddlewares.redirect.RedirectMiddleware',
 'scrapy.downloadermiddlewares.cookies.CookiesMiddleware',
 'scrapy.downloadermiddlewares.httpproxy.HttpProxyMiddleware',
 'scrapy.downloadermiddlewares.stats.DownloaderStats']
2017-11-03 17:08:10 [scrapy.middleware] INFO: Enabled spider middlewares:
['scrapy.spidermiddlewares.httperror.HttpErrorMiddleware',
 'scrapy.spidermiddlewares.offsite.OffsiteMiddleware',
 'scrapy.spidermiddlewares.referer.RefererMiddleware',
 'scrapy.spidermiddlewares.urllength.UrlLengthMiddleware',
 'scrapy.spidermiddlewares.depth.DepthMiddleware']
2017-11-03 17:08:10 [scrapy.middleware] INFO: Enabled item pipelines:
[]
2017-11-03 17:08:10 [scrapy.core.engine] INFO: Spider opened
2017-11-03 17:08:10 [scrapy.extensions.logstats] INFO: Crawled 0 pages (at 0 pages/min), scraped 0 items (at 0 items/min)
2017-11-03 17:08:10 [scrapy.extensions.telnet] DEBUG: Telnet console listening on 127.0.0.1:6023
2017-11-03 17:08:10 [scrapy.core.engine] DEBUG: Crawled (200) <GET https://i.qq.com/> (referer: https://qzs.qzone.qq.com/qzone/v5/loginsucc.html?para=izone&from=iqq)
2017-11-03 17:08:10 [scrapy.core.engine] INFO: Closing spider (finished)
2017-11-03 17:08:10 [scrapy.statscollectors] INFO: Dumping Scrapy stats:
{'downloader/request_bytes': 1019,
 'downloader/request_count': 1,
 'downloader/request_method_count/GET': 1,
 'downloader/response_bytes': 11906,
 'downloader/response_count': 1,
 'downloader/response_status_count/200': 1,
 'finish_reason': 'finished',
 'finish_time': datetime.datetime(2017, 11, 3, 9, 8, 10, 901102),
 'log_count/DEBUG': 2,
 'log_count/INFO': 7,
 'memusage/max': 65007616,
 'memusage/startup': 65007616,
 'response_received_count': 1,
 'scheduler/dequeued': 1,
 'scheduler/dequeued/memory': 1,
 'scheduler/enqueued': 1,
 'scheduler/enqueued/memory': 1,
 'start_time': datetime.datetime(2017, 11, 3, 9, 8, 10, 447055)}
2017-11-03 17:08:10 [scrapy.core.engine] INFO: Spider closed (finished)
2017-11-03 17:09:54 [scrapy.utils.log] INFO: Scrapy 1.4.0 started (bot: qq_login)
2017-11-03 17:09:54 [scrapy.utils.log] INFO: Overridden settings: {'BOT_NAME': 'qq_login', 'LOG_FILE': 'scrapy.log', 'NEWSPIDER_MODULE': 'qq_login.spiders', 'SPIDER_MODULES': ['qq_login.spiders']}
2017-11-03 17:09:54 [scrapy.middleware] INFO: Enabled extensions:
['scrapy.extensions.corestats.CoreStats',
 'scrapy.extensions.telnet.TelnetConsole',
 'scrapy.extensions.memusage.MemoryUsage',
 'scrapy.extensions.logstats.LogStats']
2017-11-03 17:09:54 [scrapy.middleware] INFO: Enabled downloader middlewares:
['scrapy.downloadermiddlewares.httpauth.HttpAuthMiddleware',
 'scrapy.downloadermiddlewares.downloadtimeout.DownloadTimeoutMiddleware',
 'scrapy.downloadermiddlewares.defaultheaders.DefaultHeadersMiddleware',
 'scrapy.downloadermiddlewares.useragent.UserAgentMiddleware',
 'scrapy.downloadermiddlewares.retry.RetryMiddleware',
 'scrapy.downloadermiddlewares.redirect.MetaRefreshMiddleware',
 'scrapy.downloadermiddlewares.httpcompression.HttpCompressionMiddleware',
 'scrapy.downloadermiddlewares.redirect.RedirectMiddleware',
 'scrapy.downloadermiddlewares.cookies.CookiesMiddleware',
 'scrapy.downloadermiddlewares.httpproxy.HttpProxyMiddleware',
 'scrapy.downloadermiddlewares.stats.DownloaderStats']
2017-11-03 17:09:54 [scrapy.middleware] INFO: Enabled spider middlewares:
['scrapy.spidermiddlewares.httperror.HttpErrorMiddleware',
 'scrapy.spidermiddlewares.offsite.OffsiteMiddleware',
 'scrapy.spidermiddlewares.referer.RefererMiddleware',
 'scrapy.spidermiddlewares.urllength.UrlLengthMiddleware',
 'scrapy.spidermiddlewares.depth.DepthMiddleware']
2017-11-03 17:09:54 [scrapy.middleware] INFO: Enabled item pipelines:
[]
2017-11-03 17:09:54 [scrapy.core.engine] INFO: Spider opened
2017-11-03 17:09:54 [scrapy.extensions.logstats] INFO: Crawled 0 pages (at 0 pages/min), scraped 0 items (at 0 items/min)
2017-11-03 17:09:54 [scrapy.extensions.telnet] DEBUG: Telnet console listening on 127.0.0.1:6023
2017-11-03 17:09:54 [scrapy.core.engine] DEBUG: Crawled (200) <GET https://i.qq.com/> (referer: https://qzs.qzone.qq.com/qzone/v5/loginsucc.html?para=izone&from=iqq)
2017-11-03 17:09:54 [scrapy.core.engine] INFO: Closing spider (finished)
2017-11-03 17:09:54 [scrapy.statscollectors] INFO: Dumping Scrapy stats:
{'downloader/request_bytes': 1019,
 'downloader/request_count': 1,
 'downloader/request_method_count/GET': 1,
 'downloader/response_bytes': 11906,
 'downloader/response_count': 1,
 'downloader/response_status_count/200': 1,
 'finish_reason': 'finished',
 'finish_time': datetime.datetime(2017, 11, 3, 9, 9, 54, 752020),
 'log_count/DEBUG': 2,
 'log_count/INFO': 7,
 'memusage/max': 65372160,
 'memusage/startup': 65372160,
 'response_received_count': 1,
 'scheduler/dequeued': 1,
 'scheduler/dequeued/memory': 1,
 'scheduler/enqueued': 1,
 'scheduler/enqueued/memory': 1,
 'start_time': datetime.datetime(2017, 11, 3, 9, 9, 54, 239643)}
2017-11-03 17:09:54 [scrapy.core.engine] INFO: Spider closed (finished)
2017-11-03 17:18:25 [scrapy.utils.log] INFO: Scrapy 1.4.0 started (bot: qq_login)
2017-11-03 17:18:25 [scrapy.utils.log] INFO: Overridden settings: {'BOT_NAME': 'qq_login', 'LOG_FILE': 'scrapy.log', 'NEWSPIDER_MODULE': 'qq_login.spiders', 'SPIDER_MODULES': ['qq_login.spiders']}
2017-11-03 17:18:25 [scrapy.middleware] INFO: Enabled extensions:
['scrapy.extensions.corestats.CoreStats',
 'scrapy.extensions.telnet.TelnetConsole',
 'scrapy.extensions.memusage.MemoryUsage',
 'scrapy.extensions.logstats.LogStats']
2017-11-03 17:18:25 [scrapy.middleware] INFO: Enabled downloader middlewares:
['scrapy.downloadermiddlewares.httpauth.HttpAuthMiddleware',
 'scrapy.downloadermiddlewares.downloadtimeout.DownloadTimeoutMiddleware',
 'scrapy.downloadermiddlewares.defaultheaders.DefaultHeadersMiddleware',
 'scrapy.downloadermiddlewares.useragent.UserAgentMiddleware',
 'scrapy.downloadermiddlewares.retry.RetryMiddleware',
 'scrapy.downloadermiddlewares.redirect.MetaRefreshMiddleware',
 'scrapy.downloadermiddlewares.httpcompression.HttpCompressionMiddleware',
 'scrapy.downloadermiddlewares.redirect.RedirectMiddleware',
 'scrapy.downloadermiddlewares.cookies.CookiesMiddleware',
 'scrapy.downloadermiddlewares.httpproxy.HttpProxyMiddleware',
 'scrapy.downloadermiddlewares.stats.DownloaderStats']
2017-11-03 17:18:25 [scrapy.middleware] INFO: Enabled spider middlewares:
['scrapy.spidermiddlewares.httperror.HttpErrorMiddleware',
 'scrapy.spidermiddlewares.offsite.OffsiteMiddleware',
 'scrapy.spidermiddlewares.referer.RefererMiddleware',
 'scrapy.spidermiddlewares.urllength.UrlLengthMiddleware',
 'scrapy.spidermiddlewares.depth.DepthMiddleware']
2017-11-03 17:18:25 [scrapy.middleware] INFO: Enabled item pipelines:
[]
2017-11-03 17:18:25 [scrapy.core.engine] INFO: Spider opened
2017-11-03 17:18:25 [scrapy.extensions.logstats] INFO: Crawled 0 pages (at 0 pages/min), scraped 0 items (at 0 items/min)
2017-11-03 17:18:25 [scrapy.extensions.telnet] DEBUG: Telnet console listening on 127.0.0.1:6023
2017-11-03 17:18:25 [scrapy.core.engine] DEBUG: Crawled (200) <GET https://i.qq.com/> (referer: https://qzs.qzone.qq.com/qzone/v5/loginsucc.html?para=izone&from=iqq)
2017-11-03 17:18:25 [scrapy.core.engine] INFO: Closing spider (finished)
2017-11-03 17:18:25 [scrapy.statscollectors] INFO: Dumping Scrapy stats:
{'downloader/request_bytes': 1019,
 'downloader/request_count': 1,
 'downloader/request_method_count/GET': 1,
 'downloader/response_bytes': 11906,
 'downloader/response_count': 1,
 'downloader/response_status_count/200': 1,
 'finish_reason': 'finished',
 'finish_time': datetime.datetime(2017, 11, 3, 9, 18, 25, 968284),
 'log_count/DEBUG': 2,
 'log_count/INFO': 7,
 'memusage/max': 65191936,
 'memusage/startup': 65191936,
 'response_received_count': 1,
 'scheduler/dequeued': 1,
 'scheduler/dequeued/memory': 1,
 'scheduler/enqueued': 1,
 'scheduler/enqueued/memory': 1,
 'start_time': datetime.datetime(2017, 11, 3, 9, 18, 25, 485748)}
2017-11-03 17:18:25 [scrapy.core.engine] INFO: Spider closed (finished)
2017-11-03 17:43:01 [scrapy.utils.log] INFO: Scrapy 1.4.0 started (bot: qq_login)
2017-11-03 17:43:01 [scrapy.utils.log] INFO: Overridden settings: {'BOT_NAME': 'qq_login', 'LOG_FILE': 'scrapy.log', 'NEWSPIDER_MODULE': 'qq_login.spiders', 'SPIDER_MODULES': ['qq_login.spiders']}
2017-11-03 17:43:01 [scrapy.middleware] INFO: Enabled extensions:
['scrapy.extensions.corestats.CoreStats',
 'scrapy.extensions.telnet.TelnetConsole',
 'scrapy.extensions.memusage.MemoryUsage',
 'scrapy.extensions.logstats.LogStats']
2017-11-03 17:43:01 [scrapy.middleware] INFO: Enabled downloader middlewares:
['scrapy.downloadermiddlewares.httpauth.HttpAuthMiddleware',
 'scrapy.downloadermiddlewares.downloadtimeout.DownloadTimeoutMiddleware',
 'scrapy.downloadermiddlewares.defaultheaders.DefaultHeadersMiddleware',
 'scrapy.downloadermiddlewares.useragent.UserAgentMiddleware',
 'scrapy.downloadermiddlewares.retry.RetryMiddleware',
 'scrapy.downloadermiddlewares.redirect.MetaRefreshMiddleware',
 'scrapy.downloadermiddlewares.httpcompression.HttpCompressionMiddleware',
 'scrapy.downloadermiddlewares.redirect.RedirectMiddleware',
 'scrapy.downloadermiddlewares.cookies.CookiesMiddleware',
 'scrapy.downloadermiddlewares.httpproxy.HttpProxyMiddleware',
 'scrapy.downloadermiddlewares.stats.DownloaderStats']
2017-11-03 17:43:01 [scrapy.middleware] INFO: Enabled spider middlewares:
['scrapy.spidermiddlewares.httperror.HttpErrorMiddleware',
 'scrapy.spidermiddlewares.offsite.OffsiteMiddleware',
 'scrapy.spidermiddlewares.referer.RefererMiddleware',
 'scrapy.spidermiddlewares.urllength.UrlLengthMiddleware',
 'scrapy.spidermiddlewares.depth.DepthMiddleware']
2017-11-03 17:43:01 [scrapy.middleware] INFO: Enabled item pipelines:
[]
2017-11-03 17:43:01 [scrapy.core.engine] INFO: Spider opened
2017-11-03 17:43:01 [scrapy.extensions.logstats] INFO: Crawled 0 pages (at 0 pages/min), scraped 0 items (at 0 items/min)
2017-11-03 17:43:01 [scrapy.extensions.telnet] DEBUG: Telnet console listening on 127.0.0.1:6023
2017-11-03 17:43:02 [scrapy.core.engine] DEBUG: Crawled (200) <GET https://user.qzone.qq.com/1330065671> (referer: https://qzs.qzone.qq.com/qzone/v5/loginsucc.html?para=izone&from=iqq)
2017-11-03 17:43:02 [scrapy.core.engine] INFO: Closing spider (finished)
2017-11-03 17:43:02 [scrapy.statscollectors] INFO: Dumping Scrapy stats:
{'downloader/request_bytes': 1038,
 'downloader/request_count': 1,
 'downloader/request_method_count/GET': 1,
 'downloader/response_bytes': 38475,
 'downloader/response_count': 1,
 'downloader/response_status_count/200': 1,
 'finish_reason': 'finished',
 'finish_time': datetime.datetime(2017, 11, 3, 9, 43, 2, 441503),
 'log_count/DEBUG': 2,
 'log_count/INFO': 7,
 'memusage/max': 65417216,
 'memusage/startup': 65417216,
 'response_received_count': 1,
 'scheduler/dequeued': 1,
 'scheduler/dequeued/memory': 1,
 'scheduler/enqueued': 1,
 'scheduler/enqueued/memory': 1,
 'start_time': datetime.datetime(2017, 11, 3, 9, 43, 1, 246995)}
2017-11-03 17:43:02 [scrapy.core.engine] INFO: Spider closed (finished)
2017-11-03 17:49:08 [scrapy.utils.log] INFO: Scrapy 1.4.0 started (bot: qq_login)
2017-11-03 17:49:08 [scrapy.utils.log] INFO: Overridden settings: {'BOT_NAME': 'qq_login', 'LOG_FILE': 'scrapy.log', 'NEWSPIDER_MODULE': 'qq_login.spiders', 'SPIDER_MODULES': ['qq_login.spiders']}
2017-11-03 17:49:08 [scrapy.middleware] INFO: Enabled extensions:
['scrapy.extensions.corestats.CoreStats',
 'scrapy.extensions.telnet.TelnetConsole',
 'scrapy.extensions.memusage.MemoryUsage',
 'scrapy.extensions.logstats.LogStats']
2017-11-03 17:49:08 [scrapy.middleware] INFO: Enabled downloader middlewares:
['scrapy.downloadermiddlewares.httpauth.HttpAuthMiddleware',
 'scrapy.downloadermiddlewares.downloadtimeout.DownloadTimeoutMiddleware',
 'scrapy.downloadermiddlewares.defaultheaders.DefaultHeadersMiddleware',
 'scrapy.downloadermiddlewares.useragent.UserAgentMiddleware',
 'scrapy.downloadermiddlewares.retry.RetryMiddleware',
 'scrapy.downloadermiddlewares.redirect.MetaRefreshMiddleware',
 'scrapy.downloadermiddlewares.httpcompression.HttpCompressionMiddleware',
 'scrapy.downloadermiddlewares.redirect.RedirectMiddleware',
 'scrapy.downloadermiddlewares.cookies.CookiesMiddleware',
 'scrapy.downloadermiddlewares.httpproxy.HttpProxyMiddleware',
 'scrapy.downloadermiddlewares.stats.DownloaderStats']
2017-11-03 17:49:08 [scrapy.middleware] INFO: Enabled spider middlewares:
['scrapy.spidermiddlewares.httperror.HttpErrorMiddleware',
 'scrapy.spidermiddlewares.offsite.OffsiteMiddleware',
 'scrapy.spidermiddlewares.referer.RefererMiddleware',
 'scrapy.spidermiddlewares.urllength.UrlLengthMiddleware',
 'scrapy.spidermiddlewares.depth.DepthMiddleware']
2017-11-03 17:49:08 [scrapy.middleware] INFO: Enabled item pipelines:
[]
2017-11-03 17:49:08 [scrapy.core.engine] INFO: Spider opened
2017-11-03 17:49:08 [scrapy.extensions.logstats] INFO: Crawled 0 pages (at 0 pages/min), scraped 0 items (at 0 items/min)
2017-11-03 17:49:08 [scrapy.extensions.telnet] DEBUG: Telnet console listening on 127.0.0.1:6023
2017-11-03 17:49:09 [scrapy.core.engine] DEBUG: Crawled (200) <GET https://user.qzone.qq.com/1330065671> (referer: https://qzs.qzone.qq.com/qzone/v5/loginsucc.html?para=izone&from=iqq)
2017-11-03 17:49:09 [scrapy.core.engine] INFO: Closing spider (finished)
2017-11-03 17:49:09 [scrapy.statscollectors] INFO: Dumping Scrapy stats:
{'downloader/request_bytes': 1038,
 'downloader/request_count': 1,
 'downloader/request_method_count/GET': 1,
 'downloader/response_bytes': 37106,
 'downloader/response_count': 1,
 'downloader/response_status_count/200': 1,
 'finish_reason': 'finished',
 'finish_time': datetime.datetime(2017, 11, 3, 9, 49, 9, 251469),
 'log_count/DEBUG': 2,
 'log_count/INFO': 7,
 'memusage/max': 65536000,
 'memusage/startup': 65536000,
 'response_received_count': 1,
 'scheduler/dequeued': 1,
 'scheduler/dequeued/memory': 1,
 'scheduler/enqueued': 1,
 'scheduler/enqueued/memory': 1,
 'start_time': datetime.datetime(2017, 11, 3, 9, 49, 8, 185473)}
2017-11-03 17:49:09 [scrapy.core.engine] INFO: Spider closed (finished)
2017-11-03 17:58:37 [scrapy.utils.log] INFO: Scrapy 1.4.0 started (bot: qq_login)
2017-11-03 17:58:37 [scrapy.utils.log] INFO: Overridden settings: {'BOT_NAME': 'qq_login', 'LOG_FILE': 'scrapy.log', 'NEWSPIDER_MODULE': 'qq_login.spiders', 'SPIDER_MODULES': ['qq_login.spiders']}
2017-11-03 17:58:37 [scrapy.middleware] INFO: Enabled extensions:
['scrapy.extensions.corestats.CoreStats',
 'scrapy.extensions.telnet.TelnetConsole',
 'scrapy.extensions.memusage.MemoryUsage',
 'scrapy.extensions.logstats.LogStats']
2017-11-03 17:58:37 [scrapy.middleware] INFO: Enabled downloader middlewares:
['scrapy.downloadermiddlewares.httpauth.HttpAuthMiddleware',
 'scrapy.downloadermiddlewares.downloadtimeout.DownloadTimeoutMiddleware',
 'scrapy.downloadermiddlewares.defaultheaders.DefaultHeadersMiddleware',
 'scrapy.downloadermiddlewares.useragent.UserAgentMiddleware',
 'scrapy.downloadermiddlewares.retry.RetryMiddleware',
 'scrapy.downloadermiddlewares.redirect.MetaRefreshMiddleware',
 'scrapy.downloadermiddlewares.httpcompression.HttpCompressionMiddleware',
 'scrapy.downloadermiddlewares.redirect.RedirectMiddleware',
 'scrapy.downloadermiddlewares.cookies.CookiesMiddleware',
 'scrapy.downloadermiddlewares.httpproxy.HttpProxyMiddleware',
 'scrapy.downloadermiddlewares.stats.DownloaderStats']
2017-11-03 17:58:37 [scrapy.middleware] INFO: Enabled spider middlewares:
['scrapy.spidermiddlewares.httperror.HttpErrorMiddleware',
 'scrapy.spidermiddlewares.offsite.OffsiteMiddleware',
 'scrapy.spidermiddlewares.referer.RefererMiddleware',
 'scrapy.spidermiddlewares.urllength.UrlLengthMiddleware',
 'scrapy.spidermiddlewares.depth.DepthMiddleware']
2017-11-03 17:58:37 [scrapy.middleware] INFO: Enabled item pipelines:
[]
2017-11-03 17:58:37 [scrapy.core.engine] INFO: Spider opened
2017-11-03 17:58:37 [scrapy.extensions.logstats] INFO: Crawled 0 pages (at 0 pages/min), scraped 0 items (at 0 items/min)
2017-11-03 17:58:37 [scrapy.extensions.telnet] DEBUG: Telnet console listening on 127.0.0.1:6023
2017-11-03 17:58:38 [scrapy.core.engine] DEBUG: Crawled (200) <GET https://user.qzone.qq.com/1330065671> (referer: https://qzs.qzone.qq.com/qzone/v5/loginsucc.html?para=izone&from=iqq)
2017-11-03 17:58:38 [scrapy.core.engine] INFO: Closing spider (finished)
2017-11-03 17:58:38 [scrapy.statscollectors] INFO: Dumping Scrapy stats:
{'downloader/request_bytes': 1038,
 'downloader/request_count': 1,
 'downloader/request_method_count/GET': 1,
 'downloader/response_bytes': 36034,
 'downloader/response_count': 1,
 'downloader/response_status_count/200': 1,
 'finish_reason': 'finished',
 'finish_time': datetime.datetime(2017, 11, 3, 9, 58, 38, 761694),
 'log_count/DEBUG': 2,
 'log_count/INFO': 7,
 'memusage/max': 65097728,
 'memusage/startup': 65097728,
 'response_received_count': 1,
 'scheduler/dequeued': 1,
 'scheduler/dequeued/memory': 1,
 'scheduler/enqueued': 1,
 'scheduler/enqueued/memory': 1,
 'start_time': datetime.datetime(2017, 11, 3, 9, 58, 37, 781727)}
2017-11-03 17:58:38 [scrapy.core.engine] INFO: Spider closed (finished)
2017-11-03 17:59:08 [scrapy.utils.log] INFO: Scrapy 1.4.0 started (bot: qq_login)
2017-11-03 17:59:08 [scrapy.utils.log] INFO: Overridden settings: {'BOT_NAME': 'qq_login', 'LOG_FILE': 'scrapy.log', 'NEWSPIDER_MODULE': 'qq_login.spiders', 'SPIDER_MODULES': ['qq_login.spiders']}
2017-11-03 17:59:09 [scrapy.middleware] INFO: Enabled extensions:
['scrapy.extensions.corestats.CoreStats',
 'scrapy.extensions.telnet.TelnetConsole',
 'scrapy.extensions.memusage.MemoryUsage',
 'scrapy.extensions.logstats.LogStats']
2017-11-03 17:59:09 [scrapy.middleware] INFO: Enabled downloader middlewares:
['scrapy.downloadermiddlewares.httpauth.HttpAuthMiddleware',
 'scrapy.downloadermiddlewares.downloadtimeout.DownloadTimeoutMiddleware',
 'scrapy.downloadermiddlewares.defaultheaders.DefaultHeadersMiddleware',
 'scrapy.downloadermiddlewares.useragent.UserAgentMiddleware',
 'scrapy.downloadermiddlewares.retry.RetryMiddleware',
 'scrapy.downloadermiddlewares.redirect.MetaRefreshMiddleware',
 'scrapy.downloadermiddlewares.httpcompression.HttpCompressionMiddleware',
 'scrapy.downloadermiddlewares.redirect.RedirectMiddleware',
 'scrapy.downloadermiddlewares.cookies.CookiesMiddleware',
 'scrapy.downloadermiddlewares.httpproxy.HttpProxyMiddleware',
 'scrapy.downloadermiddlewares.stats.DownloaderStats']
2017-11-03 17:59:09 [scrapy.middleware] INFO: Enabled spider middlewares:
['scrapy.spidermiddlewares.httperror.HttpErrorMiddleware',
 'scrapy.spidermiddlewares.offsite.OffsiteMiddleware',
 'scrapy.spidermiddlewares.referer.RefererMiddleware',
 'scrapy.spidermiddlewares.urllength.UrlLengthMiddleware',
 'scrapy.spidermiddlewares.depth.DepthMiddleware']
2017-11-03 17:59:09 [scrapy.middleware] INFO: Enabled item pipelines:
[]
2017-11-03 17:59:09 [scrapy.core.engine] INFO: Spider opened
2017-11-03 17:59:09 [scrapy.extensions.logstats] INFO: Crawled 0 pages (at 0 pages/min), scraped 0 items (at 0 items/min)
2017-11-03 17:59:09 [scrapy.extensions.telnet] DEBUG: Telnet console listening on 127.0.0.1:6023
2017-11-03 17:59:10 [scrapy.core.engine] DEBUG: Crawled (200) <GET https://user.qzone.qq.com/1330065671> (referer: https://qzs.qzone.qq.com/qzone/v5/loginsucc.html?para=izone&from=iqq)
2017-11-03 17:59:10 [scrapy.core.engine] INFO: Closing spider (finished)
2017-11-03 17:59:10 [scrapy.statscollectors] INFO: Dumping Scrapy stats:
{'downloader/request_bytes': 1038,
 'downloader/request_count': 1,
 'downloader/request_method_count/GET': 1,
 'downloader/response_bytes': 35939,
 'downloader/response_count': 1,
 'downloader/response_status_count/200': 1,
 'finish_reason': 'finished',
 'finish_time': datetime.datetime(2017, 11, 3, 9, 59, 10, 144556),
 'log_count/DEBUG': 2,
 'log_count/INFO': 7,
 'memusage/max': 65474560,
 'memusage/startup': 65474560,
 'response_received_count': 1,
 'scheduler/dequeued': 1,
 'scheduler/dequeued/memory': 1,
 'scheduler/enqueued': 1,
 'scheduler/enqueued/memory': 1,
 'start_time': datetime.datetime(2017, 11, 3, 9, 59, 9, 81389)}
2017-11-03 17:59:10 [scrapy.core.engine] INFO: Spider closed (finished)
2017-11-03 17:59:27 [scrapy.utils.log] INFO: Scrapy 1.4.0 started (bot: qq_login)
2017-11-03 17:59:27 [scrapy.utils.log] INFO: Overridden settings: {'BOT_NAME': 'qq_login', 'LOG_FILE': 'scrapy.log', 'NEWSPIDER_MODULE': 'qq_login.spiders', 'SPIDER_MODULES': ['qq_login.spiders']}
2017-11-03 17:59:27 [scrapy.middleware] INFO: Enabled extensions:
['scrapy.extensions.corestats.CoreStats',
 'scrapy.extensions.telnet.TelnetConsole',
 'scrapy.extensions.memusage.MemoryUsage',
 'scrapy.extensions.logstats.LogStats']
2017-11-03 17:59:27 [scrapy.middleware] INFO: Enabled downloader middlewares:
['scrapy.downloadermiddlewares.httpauth.HttpAuthMiddleware',
 'scrapy.downloadermiddlewares.downloadtimeout.DownloadTimeoutMiddleware',
 'scrapy.downloadermiddlewares.defaultheaders.DefaultHeadersMiddleware',
 'scrapy.downloadermiddlewares.useragent.UserAgentMiddleware',
 'scrapy.downloadermiddlewares.retry.RetryMiddleware',
 'scrapy.downloadermiddlewares.redirect.MetaRefreshMiddleware',
 'scrapy.downloadermiddlewares.httpcompression.HttpCompressionMiddleware',
 'scrapy.downloadermiddlewares.redirect.RedirectMiddleware',
 'scrapy.downloadermiddlewares.cookies.CookiesMiddleware',
 'scrapy.downloadermiddlewares.httpproxy.HttpProxyMiddleware',
 'scrapy.downloadermiddlewares.stats.DownloaderStats']
2017-11-03 17:59:27 [scrapy.middleware] INFO: Enabled spider middlewares:
['scrapy.spidermiddlewares.httperror.HttpErrorMiddleware',
 'scrapy.spidermiddlewares.offsite.OffsiteMiddleware',
 'scrapy.spidermiddlewares.referer.RefererMiddleware',
 'scrapy.spidermiddlewares.urllength.UrlLengthMiddleware',
 'scrapy.spidermiddlewares.depth.DepthMiddleware']
2017-11-03 17:59:27 [scrapy.middleware] INFO: Enabled item pipelines:
[]
2017-11-03 17:59:27 [scrapy.core.engine] INFO: Spider opened
2017-11-03 17:59:27 [scrapy.extensions.logstats] INFO: Crawled 0 pages (at 0 pages/min), scraped 0 items (at 0 items/min)
2017-11-03 17:59:27 [scrapy.extensions.telnet] DEBUG: Telnet console listening on 127.0.0.1:6023
2017-11-03 17:59:28 [scrapy.core.engine] DEBUG: Crawled (200) <GET https://user.qzone.qq.com/1330065671> (referer: https://qzs.qzone.qq.com/qzone/v5/loginsucc.html?para=izone&from=iqq)
2017-11-03 17:59:28 [scrapy.core.engine] INFO: Closing spider (finished)
2017-11-03 17:59:28 [scrapy.statscollectors] INFO: Dumping Scrapy stats:
{'downloader/request_bytes': 1038,
 'downloader/request_count': 1,
 'downloader/request_method_count/GET': 1,
 'downloader/response_bytes': 36041,
 'downloader/response_count': 1,
 'downloader/response_status_count/200': 1,
 'finish_reason': 'finished',
 'finish_time': datetime.datetime(2017, 11, 3, 9, 59, 28, 649318),
 'log_count/DEBUG': 2,
 'log_count/INFO': 7,
 'memusage/max': 65388544,
 'memusage/startup': 65388544,
 'response_received_count': 1,
 'scheduler/dequeued': 1,
 'scheduler/dequeued/memory': 1,
 'scheduler/enqueued': 1,
 'scheduler/enqueued/memory': 1,
 'start_time': datetime.datetime(2017, 11, 3, 9, 59, 27, 649169)}
2017-11-03 17:59:28 [scrapy.core.engine] INFO: Spider closed (finished)
2017-11-03 20:36:00 [scrapy.utils.log] INFO: Scrapy 1.4.0 started (bot: qq_login)
2017-11-03 20:36:00 [scrapy.utils.log] INFO: Overridden settings: {'BOT_NAME': 'qq_login', 'LOG_FILE': 'scrapy.log', 'NEWSPIDER_MODULE': 'qq_login.spiders', 'SPIDER_MODULES': ['qq_login.spiders']}
2017-11-03 20:36:00 [scrapy.middleware] INFO: Enabled extensions:
['scrapy.extensions.corestats.CoreStats',
 'scrapy.extensions.telnet.TelnetConsole',
 'scrapy.extensions.memusage.MemoryUsage',
 'scrapy.extensions.logstats.LogStats']
2017-11-03 20:36:00 [scrapy.middleware] INFO: Enabled downloader middlewares:
['scrapy.downloadermiddlewares.httpauth.HttpAuthMiddleware',
 'scrapy.downloadermiddlewares.downloadtimeout.DownloadTimeoutMiddleware',
 'scrapy.downloadermiddlewares.defaultheaders.DefaultHeadersMiddleware',
 'scrapy.downloadermiddlewares.useragent.UserAgentMiddleware',
 'scrapy.downloadermiddlewares.retry.RetryMiddleware',
 'scrapy.downloadermiddlewares.redirect.MetaRefreshMiddleware',
 'scrapy.downloadermiddlewares.httpcompression.HttpCompressionMiddleware',
 'scrapy.downloadermiddlewares.redirect.RedirectMiddleware',
 'scrapy.downloadermiddlewares.cookies.CookiesMiddleware',
 'scrapy.downloadermiddlewares.httpproxy.HttpProxyMiddleware',
 'scrapy.downloadermiddlewares.stats.DownloaderStats']
2017-11-03 20:36:00 [scrapy.middleware] INFO: Enabled spider middlewares:
['scrapy.spidermiddlewares.httperror.HttpErrorMiddleware',
 'scrapy.spidermiddlewares.offsite.OffsiteMiddleware',
 'scrapy.spidermiddlewares.referer.RefererMiddleware',
 'scrapy.spidermiddlewares.urllength.UrlLengthMiddleware',
 'scrapy.spidermiddlewares.depth.DepthMiddleware']
2017-11-03 20:36:00 [scrapy.middleware] INFO: Enabled item pipelines:
[]
2017-11-03 20:36:00 [scrapy.core.engine] INFO: Spider opened
2017-11-03 20:36:00 [scrapy.extensions.logstats] INFO: Crawled 0 pages (at 0 pages/min), scraped 0 items (at 0 items/min)
2017-11-03 20:36:00 [scrapy.extensions.telnet] DEBUG: Telnet console listening on 127.0.0.1:6023
2017-11-03 20:36:01 [scrapy.core.scraper] ERROR: Error downloading <GET https://user.qzone.qq.com/1330065671>
Traceback (most recent call last):
  File "/Library/Frameworks/Python.framework/Versions/3.6/lib/python3.6/site-packages/twisted/internet/defer.py", line 1386, in _inlineCallbacks
    result = g.send(result)
  File "/Library/Frameworks/Python.framework/Versions/3.6/lib/python3.6/site-packages/scrapy/core/downloader/middleware.py", line 43, in process_request
    defer.returnValue((yield download_func(request=request,spider=spider)))
  File "/Library/Frameworks/Python.framework/Versions/3.6/lib/python3.6/site-packages/twisted/internet/defer.py", line 1363, in returnValue
    raise _DefGen_Return(val)
twisted.internet.defer._DefGen_Return: <302 https://user.qzone.qq.com/1330065671>

During handling of the above exception, another exception occurred:

Traceback (most recent call last):
  File "/Library/Frameworks/Python.framework/Versions/3.6/lib/python3.6/site-packages/twisted/internet/defer.py", line 1386, in _inlineCallbacks
    result = g.send(result)
  File "/Library/Frameworks/Python.framework/Versions/3.6/lib/python3.6/site-packages/scrapy/core/downloader/middleware.py", line 53, in process_response
    spider=spider)
  File "/Library/Frameworks/Python.framework/Versions/3.6/lib/python3.6/site-packages/scrapy/downloadermiddlewares/httpcompression.py", line 39, in process_response
    decoded_body = self._decode(response.body, encoding.lower())
  File "/Library/Frameworks/Python.framework/Versions/3.6/lib/python3.6/site-packages/scrapy/downloadermiddlewares/httpcompression.py", line 55, in _decode
    body = gunzip(body)
  File "/Library/Frameworks/Python.framework/Versions/3.6/lib/python3.6/site-packages/scrapy/utils/gz.py", line 37, in gunzip
    chunk = read1(f, 8196)
  File "/Library/Frameworks/Python.framework/Versions/3.6/lib/python3.6/site-packages/scrapy/utils/gz.py", line 24, in read1
    return gzf.read1(size)
  File "/Library/Frameworks/Python.framework/Versions/3.6/lib/python3.6/gzip.py", line 289, in read1
    return self._buffer.read1(size)
  File "/Library/Frameworks/Python.framework/Versions/3.6/lib/python3.6/_compression.py", line 68, in readinto
    data = self.read(len(byte_view))
  File "/Library/Frameworks/Python.framework/Versions/3.6/lib/python3.6/gzip.py", line 463, in read
    if not self._read_gzip_header():
  File "/Library/Frameworks/Python.framework/Versions/3.6/lib/python3.6/gzip.py", line 411, in _read_gzip_header
    raise OSError('Not a gzipped file (%r)' % magic)
OSError: Not a gzipped file (b'\x03\x00')
2017-11-03 20:36:01 [scrapy.core.engine] INFO: Closing spider (finished)
2017-11-03 20:36:01 [scrapy.statscollectors] INFO: Dumping Scrapy stats:
{'downloader/request_bytes': 1038,
 'downloader/request_count': 1,
 'downloader/request_method_count/GET': 1,
 'downloader/response_bytes': 2433,
 'downloader/response_count': 1,
 'downloader/response_status_count/302': 1,
 'finish_reason': 'finished',
 'finish_time': datetime.datetime(2017, 11, 3, 12, 36, 1, 207033),
 'log_count/DEBUG': 1,
 'log_count/ERROR': 1,
 'log_count/INFO': 7,
 'memusage/max': 58523648,
 'memusage/startup': 58523648,
 'scheduler/dequeued': 1,
 'scheduler/dequeued/memory': 1,
 'scheduler/enqueued': 1,
 'scheduler/enqueued/memory': 1,
 'start_time': datetime.datetime(2017, 11, 3, 12, 36, 0, 650881)}
2017-11-03 20:36:01 [scrapy.core.engine] INFO: Spider closed (finished)
2017-11-03 20:36:43 [scrapy.utils.log] INFO: Scrapy 1.4.0 started (bot: qq_login)
2017-11-03 20:36:43 [scrapy.utils.log] INFO: Overridden settings: {'BOT_NAME': 'qq_login', 'LOG_FILE': 'scrapy.log', 'NEWSPIDER_MODULE': 'qq_login.spiders', 'SPIDER_MODULES': ['qq_login.spiders']}
2017-11-03 20:36:43 [scrapy.middleware] INFO: Enabled extensions:
['scrapy.extensions.corestats.CoreStats',
 'scrapy.extensions.telnet.TelnetConsole',
 'scrapy.extensions.memusage.MemoryUsage',
 'scrapy.extensions.logstats.LogStats']
2017-11-03 20:36:43 [scrapy.middleware] INFO: Enabled downloader middlewares:
['scrapy.downloadermiddlewares.httpauth.HttpAuthMiddleware',
 'scrapy.downloadermiddlewares.downloadtimeout.DownloadTimeoutMiddleware',
 'scrapy.downloadermiddlewares.defaultheaders.DefaultHeadersMiddleware',
 'scrapy.downloadermiddlewares.useragent.UserAgentMiddleware',
 'scrapy.downloadermiddlewares.retry.RetryMiddleware',
 'scrapy.downloadermiddlewares.redirect.MetaRefreshMiddleware',
 'scrapy.downloadermiddlewares.httpcompression.HttpCompressionMiddleware',
 'scrapy.downloadermiddlewares.redirect.RedirectMiddleware',
 'scrapy.downloadermiddlewares.cookies.CookiesMiddleware',
 'scrapy.downloadermiddlewares.httpproxy.HttpProxyMiddleware',
 'scrapy.downloadermiddlewares.stats.DownloaderStats']
2017-11-03 20:36:43 [scrapy.middleware] INFO: Enabled spider middlewares:
['scrapy.spidermiddlewares.httperror.HttpErrorMiddleware',
 'scrapy.spidermiddlewares.offsite.OffsiteMiddleware',
 'scrapy.spidermiddlewares.referer.RefererMiddleware',
 'scrapy.spidermiddlewares.urllength.UrlLengthMiddleware',
 'scrapy.spidermiddlewares.depth.DepthMiddleware']
2017-11-03 20:36:43 [scrapy.middleware] INFO: Enabled item pipelines:
[]
2017-11-03 20:36:43 [scrapy.core.engine] INFO: Spider opened
2017-11-03 20:36:43 [scrapy.extensions.logstats] INFO: Crawled 0 pages (at 0 pages/min), scraped 0 items (at 0 items/min)
2017-11-03 20:36:43 [scrapy.extensions.telnet] DEBUG: Telnet console listening on 127.0.0.1:6023
2017-11-03 20:36:43 [scrapy.core.scraper] ERROR: Error downloading <GET https://user.qzone.qq.com/1330065671>
Traceback (most recent call last):
  File "/Library/Frameworks/Python.framework/Versions/3.6/lib/python3.6/site-packages/twisted/internet/defer.py", line 1386, in _inlineCallbacks
    result = g.send(result)
  File "/Library/Frameworks/Python.framework/Versions/3.6/lib/python3.6/site-packages/scrapy/core/downloader/middleware.py", line 43, in process_request
    defer.returnValue((yield download_func(request=request,spider=spider)))
  File "/Library/Frameworks/Python.framework/Versions/3.6/lib/python3.6/site-packages/twisted/internet/defer.py", line 1363, in returnValue
    raise _DefGen_Return(val)
twisted.internet.defer._DefGen_Return: <302 https://user.qzone.qq.com/1330065671>

During handling of the above exception, another exception occurred:

Traceback (most recent call last):
  File "/Library/Frameworks/Python.framework/Versions/3.6/lib/python3.6/site-packages/twisted/internet/defer.py", line 1386, in _inlineCallbacks
    result = g.send(result)
  File "/Library/Frameworks/Python.framework/Versions/3.6/lib/python3.6/site-packages/scrapy/core/downloader/middleware.py", line 53, in process_response
    spider=spider)
  File "/Library/Frameworks/Python.framework/Versions/3.6/lib/python3.6/site-packages/scrapy/downloadermiddlewares/httpcompression.py", line 39, in process_response
    decoded_body = self._decode(response.body, encoding.lower())
  File "/Library/Frameworks/Python.framework/Versions/3.6/lib/python3.6/site-packages/scrapy/downloadermiddlewares/httpcompression.py", line 55, in _decode
    body = gunzip(body)
  File "/Library/Frameworks/Python.framework/Versions/3.6/lib/python3.6/site-packages/scrapy/utils/gz.py", line 37, in gunzip
    chunk = read1(f, 8196)
  File "/Library/Frameworks/Python.framework/Versions/3.6/lib/python3.6/site-packages/scrapy/utils/gz.py", line 24, in read1
    return gzf.read1(size)
  File "/Library/Frameworks/Python.framework/Versions/3.6/lib/python3.6/gzip.py", line 289, in read1
    return self._buffer.read1(size)
  File "/Library/Frameworks/Python.framework/Versions/3.6/lib/python3.6/_compression.py", line 68, in readinto
    data = self.read(len(byte_view))
  File "/Library/Frameworks/Python.framework/Versions/3.6/lib/python3.6/gzip.py", line 463, in read
    if not self._read_gzip_header():
  File "/Library/Frameworks/Python.framework/Versions/3.6/lib/python3.6/gzip.py", line 411, in _read_gzip_header
    raise OSError('Not a gzipped file (%r)' % magic)
OSError: Not a gzipped file (b'\x03\x00')
2017-11-03 20:36:44 [scrapy.core.engine] INFO: Closing spider (finished)
2017-11-03 20:36:44 [scrapy.statscollectors] INFO: Dumping Scrapy stats:
{'downloader/request_bytes': 1038,
 'downloader/request_count': 1,
 'downloader/request_method_count/GET': 1,
 'downloader/response_bytes': 2433,
 'downloader/response_count': 1,
 'downloader/response_status_count/302': 1,
 'finish_reason': 'finished',
 'finish_time': datetime.datetime(2017, 11, 3, 12, 36, 44, 33590),
 'log_count/DEBUG': 1,
 'log_count/ERROR': 1,
 'log_count/INFO': 7,
 'memusage/max': 58228736,
 'memusage/startup': 58228736,
 'scheduler/dequeued': 1,
 'scheduler/dequeued/memory': 1,
 'scheduler/enqueued': 1,
 'scheduler/enqueued/memory': 1,
 'start_time': datetime.datetime(2017, 11, 3, 12, 36, 43, 217718)}
2017-11-03 20:36:44 [scrapy.core.engine] INFO: Spider closed (finished)
2017-11-03 20:37:18 [scrapy.utils.log] INFO: Scrapy 1.4.0 started (bot: qq_login)
2017-11-03 20:37:18 [scrapy.utils.log] INFO: Overridden settings: {'BOT_NAME': 'qq_login', 'LOG_FILE': 'scrapy.log', 'NEWSPIDER_MODULE': 'qq_login.spiders', 'SPIDER_MODULES': ['qq_login.spiders']}
2017-11-03 20:37:18 [scrapy.middleware] INFO: Enabled extensions:
['scrapy.extensions.corestats.CoreStats',
 'scrapy.extensions.telnet.TelnetConsole',
 'scrapy.extensions.memusage.MemoryUsage',
 'scrapy.extensions.logstats.LogStats']
2017-11-03 20:37:18 [scrapy.middleware] INFO: Enabled downloader middlewares:
['scrapy.downloadermiddlewares.httpauth.HttpAuthMiddleware',
 'scrapy.downloadermiddlewares.downloadtimeout.DownloadTimeoutMiddleware',
 'scrapy.downloadermiddlewares.defaultheaders.DefaultHeadersMiddleware',
 'scrapy.downloadermiddlewares.useragent.UserAgentMiddleware',
 'scrapy.downloadermiddlewares.retry.RetryMiddleware',
 'scrapy.downloadermiddlewares.redirect.MetaRefreshMiddleware',
 'scrapy.downloadermiddlewares.httpcompression.HttpCompressionMiddleware',
 'scrapy.downloadermiddlewares.redirect.RedirectMiddleware',
 'scrapy.downloadermiddlewares.cookies.CookiesMiddleware',
 'scrapy.downloadermiddlewares.httpproxy.HttpProxyMiddleware',
 'scrapy.downloadermiddlewares.stats.DownloaderStats']
2017-11-03 20:37:18 [scrapy.middleware] INFO: Enabled spider middlewares:
['scrapy.spidermiddlewares.httperror.HttpErrorMiddleware',
 'scrapy.spidermiddlewares.offsite.OffsiteMiddleware',
 'scrapy.spidermiddlewares.referer.RefererMiddleware',
 'scrapy.spidermiddlewares.urllength.UrlLengthMiddleware',
 'scrapy.spidermiddlewares.depth.DepthMiddleware']
2017-11-03 20:37:18 [scrapy.middleware] INFO: Enabled item pipelines:
[]
2017-11-03 20:37:18 [scrapy.core.engine] INFO: Spider opened
2017-11-03 20:37:18 [scrapy.extensions.logstats] INFO: Crawled 0 pages (at 0 pages/min), scraped 0 items (at 0 items/min)
2017-11-03 20:37:18 [scrapy.extensions.telnet] DEBUG: Telnet console listening on 127.0.0.1:6023
2017-11-03 20:37:18 [scrapy.core.scraper] ERROR: Error downloading <GET https://user.qzone.qq.com/1330065671>
Traceback (most recent call last):
  File "/Library/Frameworks/Python.framework/Versions/3.6/lib/python3.6/site-packages/twisted/internet/defer.py", line 1386, in _inlineCallbacks
    result = g.send(result)
  File "/Library/Frameworks/Python.framework/Versions/3.6/lib/python3.6/site-packages/scrapy/core/downloader/middleware.py", line 43, in process_request
    defer.returnValue((yield download_func(request=request,spider=spider)))
  File "/Library/Frameworks/Python.framework/Versions/3.6/lib/python3.6/site-packages/twisted/internet/defer.py", line 1363, in returnValue
    raise _DefGen_Return(val)
twisted.internet.defer._DefGen_Return: <302 https://user.qzone.qq.com/1330065671>

During handling of the above exception, another exception occurred:

Traceback (most recent call last):
  File "/Library/Frameworks/Python.framework/Versions/3.6/lib/python3.6/site-packages/twisted/internet/defer.py", line 1386, in _inlineCallbacks
    result = g.send(result)
  File "/Library/Frameworks/Python.framework/Versions/3.6/lib/python3.6/site-packages/scrapy/core/downloader/middleware.py", line 53, in process_response
    spider=spider)
  File "/Library/Frameworks/Python.framework/Versions/3.6/lib/python3.6/site-packages/scrapy/downloadermiddlewares/httpcompression.py", line 39, in process_response
    decoded_body = self._decode(response.body, encoding.lower())
  File "/Library/Frameworks/Python.framework/Versions/3.6/lib/python3.6/site-packages/scrapy/downloadermiddlewares/httpcompression.py", line 55, in _decode
    body = gunzip(body)
  File "/Library/Frameworks/Python.framework/Versions/3.6/lib/python3.6/site-packages/scrapy/utils/gz.py", line 37, in gunzip
    chunk = read1(f, 8196)
  File "/Library/Frameworks/Python.framework/Versions/3.6/lib/python3.6/site-packages/scrapy/utils/gz.py", line 24, in read1
    return gzf.read1(size)
  File "/Library/Frameworks/Python.framework/Versions/3.6/lib/python3.6/gzip.py", line 289, in read1
    return self._buffer.read1(size)
  File "/Library/Frameworks/Python.framework/Versions/3.6/lib/python3.6/_compression.py", line 68, in readinto
    data = self.read(len(byte_view))
  File "/Library/Frameworks/Python.framework/Versions/3.6/lib/python3.6/gzip.py", line 463, in read
    if not self._read_gzip_header():
  File "/Library/Frameworks/Python.framework/Versions/3.6/lib/python3.6/gzip.py", line 411, in _read_gzip_header
    raise OSError('Not a gzipped file (%r)' % magic)
OSError: Not a gzipped file (b'\x03\x00')
2017-11-03 20:37:18 [scrapy.core.engine] INFO: Closing spider (finished)
2017-11-03 20:37:18 [scrapy.statscollectors] INFO: Dumping Scrapy stats:
{'downloader/request_bytes': 1038,
 'downloader/request_count': 1,
 'downloader/request_method_count/GET': 1,
 'downloader/response_bytes': 2433,
 'downloader/response_count': 1,
 'downloader/response_status_count/302': 1,
 'finish_reason': 'finished',
 'finish_time': datetime.datetime(2017, 11, 3, 12, 37, 18, 921336),
 'log_count/DEBUG': 1,
 'log_count/ERROR': 1,
 'log_count/INFO': 7,
 'memusage/max': 58466304,
 'memusage/startup': 58466304,
 'scheduler/dequeued': 1,
 'scheduler/dequeued/memory': 1,
 'scheduler/enqueued': 1,
 'scheduler/enqueued/memory': 1,
 'start_time': datetime.datetime(2017, 11, 3, 12, 37, 18, 395361)}
2017-11-03 20:37:18 [scrapy.core.engine] INFO: Spider closed (finished)
2017-11-03 20:40:49 [scrapy.utils.log] INFO: Scrapy 1.4.0 started (bot: qq_login)
2017-11-03 20:40:49 [scrapy.utils.log] INFO: Overridden settings: {'BOT_NAME': 'qq_login', 'LOG_FILE': 'scrapy.log', 'NEWSPIDER_MODULE': 'qq_login.spiders', 'SPIDER_MODULES': ['qq_login.spiders']}
2017-11-03 20:40:49 [scrapy.middleware] INFO: Enabled extensions:
['scrapy.extensions.corestats.CoreStats',
 'scrapy.extensions.telnet.TelnetConsole',
 'scrapy.extensions.memusage.MemoryUsage',
 'scrapy.extensions.logstats.LogStats']
2017-11-03 20:40:49 [scrapy.middleware] INFO: Enabled downloader middlewares:
['scrapy.downloadermiddlewares.httpauth.HttpAuthMiddleware',
 'scrapy.downloadermiddlewares.downloadtimeout.DownloadTimeoutMiddleware',
 'scrapy.downloadermiddlewares.defaultheaders.DefaultHeadersMiddleware',
 'scrapy.downloadermiddlewares.useragent.UserAgentMiddleware',
 'scrapy.downloadermiddlewares.retry.RetryMiddleware',
 'scrapy.downloadermiddlewares.redirect.MetaRefreshMiddleware',
 'scrapy.downloadermiddlewares.httpcompression.HttpCompressionMiddleware',
 'scrapy.downloadermiddlewares.redirect.RedirectMiddleware',
 'scrapy.downloadermiddlewares.cookies.CookiesMiddleware',
 'scrapy.downloadermiddlewares.httpproxy.HttpProxyMiddleware',
 'scrapy.downloadermiddlewares.stats.DownloaderStats']
2017-11-03 20:40:49 [scrapy.middleware] INFO: Enabled spider middlewares:
['scrapy.spidermiddlewares.httperror.HttpErrorMiddleware',
 'scrapy.spidermiddlewares.offsite.OffsiteMiddleware',
 'scrapy.spidermiddlewares.referer.RefererMiddleware',
 'scrapy.spidermiddlewares.urllength.UrlLengthMiddleware',
 'scrapy.spidermiddlewares.depth.DepthMiddleware']
2017-11-03 20:40:49 [scrapy.middleware] INFO: Enabled item pipelines:
[]
2017-11-03 20:40:49 [scrapy.core.engine] INFO: Spider opened
2017-11-03 20:40:49 [scrapy.extensions.logstats] INFO: Crawled 0 pages (at 0 pages/min), scraped 0 items (at 0 items/min)
2017-11-03 20:40:49 [scrapy.extensions.telnet] DEBUG: Telnet console listening on 127.0.0.1:6023
2017-11-03 20:40:51 [scrapy.core.engine] DEBUG: Crawled (200) <GET https://user.qzone.qq.com/1330065671> (referer: https://qzs.qzone.qq.com/qzone/v5/loginsucc.html?para=izone&from=iqq)
2017-11-03 20:40:51 [scrapy.core.engine] INFO: Closing spider (finished)
2017-11-03 20:40:51 [scrapy.statscollectors] INFO: Dumping Scrapy stats:
{'downloader/request_bytes': 1050,
 'downloader/request_count': 1,
 'downloader/request_method_count/GET': 1,
 'downloader/response_bytes': 42605,
 'downloader/response_count': 1,
 'downloader/response_status_count/200': 1,
 'finish_reason': 'finished',
 'finish_time': datetime.datetime(2017, 11, 3, 12, 40, 51, 890921),
 'log_count/DEBUG': 2,
 'log_count/INFO': 7,
 'memusage/max': 58142720,
 'memusage/startup': 58142720,
 'response_received_count': 1,
 'scheduler/dequeued': 1,
 'scheduler/dequeued/memory': 1,
 'scheduler/enqueued': 1,
 'scheduler/enqueued/memory': 1,
 'start_time': datetime.datetime(2017, 11, 3, 12, 40, 49, 395860)}
2017-11-03 20:40:51 [scrapy.core.engine] INFO: Spider closed (finished)
2017-11-03 21:37:17 [scrapy.utils.log] INFO: Scrapy 1.4.0 started (bot: qq_login)
2017-11-03 21:37:17 [scrapy.utils.log] INFO: Overridden settings: {'BOT_NAME': 'qq_login', 'LOG_FILE': 'scrapy.log', 'NEWSPIDER_MODULE': 'qq_login.spiders', 'SPIDER_MODULES': ['qq_login.spiders']}
2017-11-03 21:37:17 [scrapy.middleware] INFO: Enabled extensions:
['scrapy.extensions.corestats.CoreStats',
 'scrapy.extensions.telnet.TelnetConsole',
 'scrapy.extensions.memusage.MemoryUsage',
 'scrapy.extensions.logstats.LogStats']
2017-11-03 21:37:18 [scrapy.middleware] INFO: Enabled downloader middlewares:
['scrapy.downloadermiddlewares.httpauth.HttpAuthMiddleware',
 'scrapy.downloadermiddlewares.downloadtimeout.DownloadTimeoutMiddleware',
 'scrapy.downloadermiddlewares.defaultheaders.DefaultHeadersMiddleware',
 'scrapy.downloadermiddlewares.useragent.UserAgentMiddleware',
 'scrapy.downloadermiddlewares.retry.RetryMiddleware',
 'scrapy.downloadermiddlewares.redirect.MetaRefreshMiddleware',
 'scrapy.downloadermiddlewares.httpcompression.HttpCompressionMiddleware',
 'scrapy.downloadermiddlewares.redirect.RedirectMiddleware',
 'scrapy.downloadermiddlewares.cookies.CookiesMiddleware',
 'scrapy.downloadermiddlewares.httpproxy.HttpProxyMiddleware',
 'scrapy.downloadermiddlewares.stats.DownloaderStats']
2017-11-03 21:37:18 [scrapy.middleware] INFO: Enabled spider middlewares:
['scrapy.spidermiddlewares.httperror.HttpErrorMiddleware',
 'scrapy.spidermiddlewares.offsite.OffsiteMiddleware',
 'scrapy.spidermiddlewares.referer.RefererMiddleware',
 'scrapy.spidermiddlewares.urllength.UrlLengthMiddleware',
 'scrapy.spidermiddlewares.depth.DepthMiddleware']
2017-11-03 21:37:18 [scrapy.middleware] INFO: Enabled item pipelines:
[]
2017-11-03 21:37:18 [scrapy.core.engine] INFO: Spider opened
2017-11-03 21:37:18 [scrapy.extensions.logstats] INFO: Crawled 0 pages (at 0 pages/min), scraped 0 items (at 0 items/min)
2017-11-03 21:37:18 [scrapy.extensions.telnet] DEBUG: Telnet console listening on 127.0.0.1:6023
2017-11-03 21:37:20 [scrapy.core.engine] DEBUG: Crawled (200) <GET https://user.qzone.qq.com/1330065671> (referer: https://qzs.qzone.qq.com/qzone/v5/loginsucc.html?para=izone&from=iqq)
2017-11-03 21:37:20 [scrapy.core.engine] INFO: Closing spider (finished)
2017-11-03 21:37:20 [scrapy.statscollectors] INFO: Dumping Scrapy stats:
{'downloader/request_bytes': 1050,
 'downloader/request_count': 1,
 'downloader/request_method_count/GET': 1,
 'downloader/response_bytes': 44318,
 'downloader/response_count': 1,
 'downloader/response_status_count/200': 1,
 'finish_reason': 'finished',
 'finish_time': datetime.datetime(2017, 11, 3, 13, 37, 20, 286008),
 'log_count/DEBUG': 2,
 'log_count/INFO': 7,
 'memusage/max': 58204160,
 'memusage/startup': 58204160,
 'response_received_count': 1,
 'scheduler/dequeued': 1,
 'scheduler/dequeued/memory': 1,
 'scheduler/enqueued': 1,
 'scheduler/enqueued/memory': 1,
 'start_time': datetime.datetime(2017, 11, 3, 13, 37, 18, 21580)}
2017-11-03 21:37:20 [scrapy.core.engine] INFO: Spider closed (finished)
2017-11-03 22:22:53 [scrapy.utils.log] INFO: Scrapy 1.4.0 started (bot: qq_login)
2017-11-03 22:22:53 [scrapy.utils.log] INFO: Overridden settings: {'BOT_NAME': 'qq_login', 'LOG_FILE': 'scrapy.log', 'NEWSPIDER_MODULE': 'qq_login.spiders', 'SPIDER_MODULES': ['qq_login.spiders']}
2017-11-03 22:22:53 [scrapy.middleware] INFO: Enabled extensions:
['scrapy.extensions.corestats.CoreStats',
 'scrapy.extensions.telnet.TelnetConsole',
 'scrapy.extensions.memusage.MemoryUsage',
 'scrapy.extensions.logstats.LogStats']
2017-11-03 22:22:53 [scrapy.middleware] INFO: Enabled downloader middlewares:
['scrapy.downloadermiddlewares.httpauth.HttpAuthMiddleware',
 'scrapy.downloadermiddlewares.downloadtimeout.DownloadTimeoutMiddleware',
 'scrapy.downloadermiddlewares.defaultheaders.DefaultHeadersMiddleware',
 'scrapy.downloadermiddlewares.useragent.UserAgentMiddleware',
 'scrapy.downloadermiddlewares.retry.RetryMiddleware',
 'scrapy.downloadermiddlewares.redirect.MetaRefreshMiddleware',
 'scrapy.downloadermiddlewares.httpcompression.HttpCompressionMiddleware',
 'scrapy.downloadermiddlewares.redirect.RedirectMiddleware',
 'scrapy.downloadermiddlewares.cookies.CookiesMiddleware',
 'scrapy.downloadermiddlewares.httpproxy.HttpProxyMiddleware',
 'scrapy.downloadermiddlewares.stats.DownloaderStats']
2017-11-03 22:22:53 [scrapy.middleware] INFO: Enabled spider middlewares:
['scrapy.spidermiddlewares.httperror.HttpErrorMiddleware',
 'scrapy.spidermiddlewares.offsite.OffsiteMiddleware',
 'scrapy.spidermiddlewares.referer.RefererMiddleware',
 'scrapy.spidermiddlewares.urllength.UrlLengthMiddleware',
 'scrapy.spidermiddlewares.depth.DepthMiddleware']
2017-11-03 22:22:53 [scrapy.middleware] INFO: Enabled item pipelines:
[]
2017-11-03 22:22:53 [scrapy.core.engine] INFO: Spider opened
2017-11-03 22:22:53 [scrapy.extensions.logstats] INFO: Crawled 0 pages (at 0 pages/min), scraped 0 items (at 0 items/min)
2017-11-03 22:22:53 [scrapy.extensions.telnet] DEBUG: Telnet console listening on 127.0.0.1:6023
2017-11-03 22:22:54 [scrapy.core.engine] DEBUG: Crawled (200) <GET https://user.qzone.qq.com/1330065671> (referer: https://qzs.qzone.qq.com/qzone/v5/loginsucc.html?para=izone&from=iqq)
2017-11-03 22:22:55 [scrapy.core.engine] INFO: Closing spider (finished)
2017-11-03 22:22:55 [scrapy.statscollectors] INFO: Dumping Scrapy stats:
{'downloader/request_bytes': 1050,
 'downloader/request_count': 1,
 'downloader/request_method_count/GET': 1,
 'downloader/response_bytes': 45427,
 'downloader/response_count': 1,
 'downloader/response_status_count/200': 1,
 'finish_reason': 'finished',
 'finish_time': datetime.datetime(2017, 11, 3, 14, 22, 55, 128630),
 'log_count/DEBUG': 2,
 'log_count/INFO': 7,
 'memusage/max': 58667008,
 'memusage/startup': 58667008,
 'response_received_count': 1,
 'scheduler/dequeued': 1,
 'scheduler/dequeued/memory': 1,
 'scheduler/enqueued': 1,
 'scheduler/enqueued/memory': 1,
 'start_time': datetime.datetime(2017, 11, 3, 14, 22, 53, 955022)}
2017-11-03 22:22:55 [scrapy.core.engine] INFO: Spider closed (finished)
2017-11-03 22:23:01 [scrapy.utils.log] INFO: Scrapy 1.4.0 started (bot: qq_login)
2017-11-03 22:23:01 [scrapy.utils.log] INFO: Overridden settings: {'BOT_NAME': 'qq_login', 'LOG_FILE': 'scrapy.log', 'NEWSPIDER_MODULE': 'qq_login.spiders', 'SPIDER_MODULES': ['qq_login.spiders']}
2017-11-03 22:23:01 [scrapy.middleware] INFO: Enabled extensions:
['scrapy.extensions.corestats.CoreStats',
 'scrapy.extensions.telnet.TelnetConsole',
 'scrapy.extensions.memusage.MemoryUsage',
 'scrapy.extensions.logstats.LogStats']
2017-11-03 22:23:01 [scrapy.middleware] INFO: Enabled downloader middlewares:
['scrapy.downloadermiddlewares.httpauth.HttpAuthMiddleware',
 'scrapy.downloadermiddlewares.downloadtimeout.DownloadTimeoutMiddleware',
 'scrapy.downloadermiddlewares.defaultheaders.DefaultHeadersMiddleware',
 'scrapy.downloadermiddlewares.useragent.UserAgentMiddleware',
 'scrapy.downloadermiddlewares.retry.RetryMiddleware',
 'scrapy.downloadermiddlewares.redirect.MetaRefreshMiddleware',
 'scrapy.downloadermiddlewares.httpcompression.HttpCompressionMiddleware',
 'scrapy.downloadermiddlewares.redirect.RedirectMiddleware',
 'scrapy.downloadermiddlewares.cookies.CookiesMiddleware',
 'scrapy.downloadermiddlewares.httpproxy.HttpProxyMiddleware',
 'scrapy.downloadermiddlewares.stats.DownloaderStats']
2017-11-03 22:23:01 [scrapy.middleware] INFO: Enabled spider middlewares:
['scrapy.spidermiddlewares.httperror.HttpErrorMiddleware',
 'scrapy.spidermiddlewares.offsite.OffsiteMiddleware',
 'scrapy.spidermiddlewares.referer.RefererMiddleware',
 'scrapy.spidermiddlewares.urllength.UrlLengthMiddleware',
 'scrapy.spidermiddlewares.depth.DepthMiddleware']
2017-11-03 22:23:01 [scrapy.middleware] INFO: Enabled item pipelines:
[]
2017-11-03 22:23:01 [scrapy.core.engine] INFO: Spider opened
2017-11-03 22:23:01 [scrapy.extensions.logstats] INFO: Crawled 0 pages (at 0 pages/min), scraped 0 items (at 0 items/min)
2017-11-03 22:23:01 [scrapy.extensions.telnet] DEBUG: Telnet console listening on 127.0.0.1:6023
2017-11-03 22:23:02 [scrapy.core.engine] DEBUG: Crawled (200) <GET https://user.qzone.qq.com/1330065671> (referer: https://qzs.qzone.qq.com/qzone/v5/loginsucc.html?para=izone&from=iqq)
2017-11-03 22:23:03 [scrapy.core.engine] INFO: Closing spider (finished)
2017-11-03 22:23:03 [scrapy.statscollectors] INFO: Dumping Scrapy stats:
{'downloader/request_bytes': 1050,
 'downloader/request_count': 1,
 'downloader/request_method_count/GET': 1,
 'downloader/response_bytes': 45305,
 'downloader/response_count': 1,
 'downloader/response_status_count/200': 1,
 'finish_reason': 'finished',
 'finish_time': datetime.datetime(2017, 11, 3, 14, 23, 3, 40223),
 'log_count/DEBUG': 2,
 'log_count/INFO': 7,
 'memusage/max': 57974784,
 'memusage/startup': 57974784,
 'response_received_count': 1,
 'scheduler/dequeued': 1,
 'scheduler/dequeued/memory': 1,
 'scheduler/enqueued': 1,
 'scheduler/enqueued/memory': 1,
 'start_time': datetime.datetime(2017, 11, 3, 14, 23, 1, 718313)}
2017-11-03 22:23:03 [scrapy.core.engine] INFO: Spider closed (finished)
2017-11-03 22:23:07 [scrapy.utils.log] INFO: Scrapy 1.4.0 started (bot: qq_login)
2017-11-03 22:23:07 [scrapy.utils.log] INFO: Overridden settings: {'BOT_NAME': 'qq_login', 'LOG_FILE': 'scrapy.log', 'NEWSPIDER_MODULE': 'qq_login.spiders', 'SPIDER_MODULES': ['qq_login.spiders']}
2017-11-03 22:23:07 [scrapy.middleware] INFO: Enabled extensions:
['scrapy.extensions.corestats.CoreStats',
 'scrapy.extensions.telnet.TelnetConsole',
 'scrapy.extensions.memusage.MemoryUsage',
 'scrapy.extensions.logstats.LogStats']
2017-11-03 22:23:07 [scrapy.middleware] INFO: Enabled downloader middlewares:
['scrapy.downloadermiddlewares.httpauth.HttpAuthMiddleware',
 'scrapy.downloadermiddlewares.downloadtimeout.DownloadTimeoutMiddleware',
 'scrapy.downloadermiddlewares.defaultheaders.DefaultHeadersMiddleware',
 'scrapy.downloadermiddlewares.useragent.UserAgentMiddleware',
 'scrapy.downloadermiddlewares.retry.RetryMiddleware',
 'scrapy.downloadermiddlewares.redirect.MetaRefreshMiddleware',
 'scrapy.downloadermiddlewares.httpcompression.HttpCompressionMiddleware',
 'scrapy.downloadermiddlewares.redirect.RedirectMiddleware',
 'scrapy.downloadermiddlewares.cookies.CookiesMiddleware',
 'scrapy.downloadermiddlewares.httpproxy.HttpProxyMiddleware',
 'scrapy.downloadermiddlewares.stats.DownloaderStats']
2017-11-03 22:23:07 [scrapy.middleware] INFO: Enabled spider middlewares:
['scrapy.spidermiddlewares.httperror.HttpErrorMiddleware',
 'scrapy.spidermiddlewares.offsite.OffsiteMiddleware',
 'scrapy.spidermiddlewares.referer.RefererMiddleware',
 'scrapy.spidermiddlewares.urllength.UrlLengthMiddleware',
 'scrapy.spidermiddlewares.depth.DepthMiddleware']
2017-11-03 22:23:07 [scrapy.middleware] INFO: Enabled item pipelines:
[]
2017-11-03 22:23:07 [scrapy.core.engine] INFO: Spider opened
2017-11-03 22:23:07 [scrapy.extensions.logstats] INFO: Crawled 0 pages (at 0 pages/min), scraped 0 items (at 0 items/min)
2017-11-03 22:23:07 [scrapy.extensions.telnet] DEBUG: Telnet console listening on 127.0.0.1:6023
2017-11-03 22:23:09 [scrapy.core.engine] DEBUG: Crawled (200) <GET https://user.qzone.qq.com/1330065671> (referer: https://qzs.qzone.qq.com/qzone/v5/loginsucc.html?para=izone&from=iqq)
2017-11-03 22:23:09 [scrapy.core.engine] INFO: Closing spider (finished)
2017-11-03 22:23:09 [scrapy.statscollectors] INFO: Dumping Scrapy stats:
{'downloader/request_bytes': 1050,
 'downloader/request_count': 1,
 'downloader/request_method_count/GET': 1,
 'downloader/response_bytes': 44959,
 'downloader/response_count': 1,
 'downloader/response_status_count/200': 1,
 'finish_reason': 'finished',
 'finish_time': datetime.datetime(2017, 11, 3, 14, 23, 9, 845750),
 'log_count/DEBUG': 2,
 'log_count/INFO': 7,
 'memusage/max': 58138624,
 'memusage/startup': 58134528,
 'response_received_count': 1,
 'scheduler/dequeued': 1,
 'scheduler/dequeued/memory': 1,
 'scheduler/enqueued': 1,
 'scheduler/enqueued/memory': 1,
 'start_time': datetime.datetime(2017, 11, 3, 14, 23, 7, 997174)}
2017-11-03 22:23:09 [scrapy.core.engine] INFO: Spider closed (finished)
2017-11-04 09:52:29 [scrapy.utils.log] INFO: Scrapy 1.4.0 started (bot: qq_login)
2017-11-04 09:52:29 [scrapy.utils.log] INFO: Overridden settings: {'BOT_NAME': 'qq_login', 'LOG_FILE': 'scrapy.log', 'NEWSPIDER_MODULE': 'qq_login.spiders', 'SPIDER_MODULES': ['qq_login.spiders']}
2017-11-04 09:52:29 [scrapy.middleware] INFO: Enabled extensions:
['scrapy.extensions.corestats.CoreStats',
 'scrapy.extensions.telnet.TelnetConsole',
 'scrapy.extensions.memusage.MemoryUsage',
 'scrapy.extensions.logstats.LogStats']
2017-11-04 09:52:29 [scrapy.middleware] INFO: Enabled downloader middlewares:
['scrapy.downloadermiddlewares.httpauth.HttpAuthMiddleware',
 'scrapy.downloadermiddlewares.downloadtimeout.DownloadTimeoutMiddleware',
 'scrapy.downloadermiddlewares.defaultheaders.DefaultHeadersMiddleware',
 'scrapy.downloadermiddlewares.useragent.UserAgentMiddleware',
 'scrapy.downloadermiddlewares.retry.RetryMiddleware',
 'scrapy.downloadermiddlewares.redirect.MetaRefreshMiddleware',
 'scrapy.downloadermiddlewares.httpcompression.HttpCompressionMiddleware',
 'scrapy.downloadermiddlewares.redirect.RedirectMiddleware',
 'scrapy.downloadermiddlewares.cookies.CookiesMiddleware',
 'scrapy.downloadermiddlewares.httpproxy.HttpProxyMiddleware',
 'scrapy.downloadermiddlewares.stats.DownloaderStats']
2017-11-04 09:52:29 [scrapy.middleware] INFO: Enabled spider middlewares:
['scrapy.spidermiddlewares.httperror.HttpErrorMiddleware',
 'scrapy.spidermiddlewares.offsite.OffsiteMiddleware',
 'scrapy.spidermiddlewares.referer.RefererMiddleware',
 'scrapy.spidermiddlewares.urllength.UrlLengthMiddleware',
 'scrapy.spidermiddlewares.depth.DepthMiddleware']
2017-11-04 09:52:29 [scrapy.middleware] INFO: Enabled item pipelines:
[]
2017-11-04 09:52:29 [scrapy.core.engine] INFO: Spider opened
2017-11-04 09:52:29 [scrapy.extensions.logstats] INFO: Crawled 0 pages (at 0 pages/min), scraped 0 items (at 0 items/min)
2017-11-04 09:52:29 [scrapy.extensions.telnet] DEBUG: Telnet console listening on 127.0.0.1:6023
2017-11-04 09:52:29 [scrapy.core.scraper] ERROR: Error downloading <GET https://user.qzone.qq.com/1330065671>
Traceback (most recent call last):
  File "/Library/Frameworks/Python.framework/Versions/3.6/lib/python3.6/site-packages/twisted/internet/defer.py", line 1386, in _inlineCallbacks
    result = g.send(result)
  File "/Library/Frameworks/Python.framework/Versions/3.6/lib/python3.6/site-packages/scrapy/core/downloader/middleware.py", line 43, in process_request
    defer.returnValue((yield download_func(request=request,spider=spider)))
  File "/Library/Frameworks/Python.framework/Versions/3.6/lib/python3.6/site-packages/twisted/internet/defer.py", line 1363, in returnValue
    raise _DefGen_Return(val)
twisted.internet.defer._DefGen_Return: <302 https://user.qzone.qq.com/1330065671>

During handling of the above exception, another exception occurred:

Traceback (most recent call last):
  File "/Library/Frameworks/Python.framework/Versions/3.6/lib/python3.6/site-packages/twisted/internet/defer.py", line 1386, in _inlineCallbacks
    result = g.send(result)
  File "/Library/Frameworks/Python.framework/Versions/3.6/lib/python3.6/site-packages/scrapy/core/downloader/middleware.py", line 53, in process_response
    spider=spider)
  File "/Library/Frameworks/Python.framework/Versions/3.6/lib/python3.6/site-packages/scrapy/downloadermiddlewares/httpcompression.py", line 39, in process_response
    decoded_body = self._decode(response.body, encoding.lower())
  File "/Library/Frameworks/Python.framework/Versions/3.6/lib/python3.6/site-packages/scrapy/downloadermiddlewares/httpcompression.py", line 55, in _decode
    body = gunzip(body)
  File "/Library/Frameworks/Python.framework/Versions/3.6/lib/python3.6/site-packages/scrapy/utils/gz.py", line 37, in gunzip
    chunk = read1(f, 8196)
  File "/Library/Frameworks/Python.framework/Versions/3.6/lib/python3.6/site-packages/scrapy/utils/gz.py", line 24, in read1
    return gzf.read1(size)
  File "/Library/Frameworks/Python.framework/Versions/3.6/lib/python3.6/gzip.py", line 289, in read1
    return self._buffer.read1(size)
  File "/Library/Frameworks/Python.framework/Versions/3.6/lib/python3.6/_compression.py", line 68, in readinto
    data = self.read(len(byte_view))
  File "/Library/Frameworks/Python.framework/Versions/3.6/lib/python3.6/gzip.py", line 463, in read
    if not self._read_gzip_header():
  File "/Library/Frameworks/Python.framework/Versions/3.6/lib/python3.6/gzip.py", line 411, in _read_gzip_header
    raise OSError('Not a gzipped file (%r)' % magic)
OSError: Not a gzipped file (b'\x03\x00')
2017-11-04 09:52:29 [scrapy.core.engine] INFO: Closing spider (finished)
2017-11-04 09:52:29 [scrapy.statscollectors] INFO: Dumping Scrapy stats:
{'downloader/request_bytes': 1050,
 'downloader/request_count': 1,
 'downloader/request_method_count/GET': 1,
 'downloader/response_bytes': 2433,
 'downloader/response_count': 1,
 'downloader/response_status_count/302': 1,
 'finish_reason': 'finished',
 'finish_time': datetime.datetime(2017, 11, 4, 1, 52, 29, 903501),
 'log_count/DEBUG': 1,
 'log_count/ERROR': 1,
 'log_count/INFO': 7,
 'memusage/max': 58265600,
 'memusage/startup': 58265600,
 'scheduler/dequeued': 1,
 'scheduler/dequeued/memory': 1,
 'scheduler/enqueued': 1,
 'scheduler/enqueued/memory': 1,
 'start_time': datetime.datetime(2017, 11, 4, 1, 52, 29, 365273)}
2017-11-04 09:52:29 [scrapy.core.engine] INFO: Spider closed (finished)
2017-11-04 21:40:55 [scrapy.utils.log] INFO: Scrapy 1.4.0 started (bot: qq_login)
2017-11-04 21:40:55 [scrapy.utils.log] INFO: Overridden settings: {'BOT_NAME': 'qq_login', 'LOG_FILE': 'scrapy.log', 'NEWSPIDER_MODULE': 'qq_login.spiders', 'SPIDER_MODULES': ['qq_login.spiders']}
2017-11-04 21:40:56 [scrapy.middleware] INFO: Enabled extensions:
['scrapy.extensions.corestats.CoreStats',
 'scrapy.extensions.telnet.TelnetConsole',
 'scrapy.extensions.memusage.MemoryUsage',
 'scrapy.extensions.logstats.LogStats']
2017-11-04 21:40:56 [scrapy.middleware] INFO: Enabled downloader middlewares:
['scrapy.downloadermiddlewares.httpauth.HttpAuthMiddleware',
 'scrapy.downloadermiddlewares.downloadtimeout.DownloadTimeoutMiddleware',
 'scrapy.downloadermiddlewares.defaultheaders.DefaultHeadersMiddleware',
 'scrapy.downloadermiddlewares.useragent.UserAgentMiddleware',
 'scrapy.downloadermiddlewares.retry.RetryMiddleware',
 'scrapy.downloadermiddlewares.redirect.MetaRefreshMiddleware',
 'scrapy.downloadermiddlewares.httpcompression.HttpCompressionMiddleware',
 'scrapy.downloadermiddlewares.redirect.RedirectMiddleware',
 'scrapy.downloadermiddlewares.cookies.CookiesMiddleware',
 'scrapy.downloadermiddlewares.httpproxy.HttpProxyMiddleware',
 'scrapy.downloadermiddlewares.stats.DownloaderStats']
2017-11-04 21:40:56 [scrapy.middleware] INFO: Enabled spider middlewares:
['scrapy.spidermiddlewares.httperror.HttpErrorMiddleware',
 'scrapy.spidermiddlewares.offsite.OffsiteMiddleware',
 'scrapy.spidermiddlewares.referer.RefererMiddleware',
 'scrapy.spidermiddlewares.urllength.UrlLengthMiddleware',
 'scrapy.spidermiddlewares.depth.DepthMiddleware']
2017-11-04 21:40:56 [scrapy.middleware] INFO: Enabled item pipelines:
[]
2017-11-04 21:40:56 [scrapy.core.engine] INFO: Spider opened
2017-11-04 21:40:56 [scrapy.extensions.logstats] INFO: Crawled 0 pages (at 0 pages/min), scraped 0 items (at 0 items/min)
2017-11-04 21:40:56 [scrapy.extensions.telnet] DEBUG: Telnet console listening on 127.0.0.1:6023
2017-11-04 21:40:56 [scrapy.core.scraper] ERROR: Error downloading <GET https://user.qzone.qq.com/1330065671>
Traceback (most recent call last):
  File "/Library/Frameworks/Python.framework/Versions/3.6/lib/python3.6/site-packages/twisted/internet/defer.py", line 1386, in _inlineCallbacks
    result = g.send(result)
  File "/Library/Frameworks/Python.framework/Versions/3.6/lib/python3.6/site-packages/scrapy/core/downloader/middleware.py", line 43, in process_request
    defer.returnValue((yield download_func(request=request,spider=spider)))
  File "/Library/Frameworks/Python.framework/Versions/3.6/lib/python3.6/site-packages/twisted/internet/defer.py", line 1363, in returnValue
    raise _DefGen_Return(val)
twisted.internet.defer._DefGen_Return: <302 https://user.qzone.qq.com/1330065671>

During handling of the above exception, another exception occurred:

Traceback (most recent call last):
  File "/Library/Frameworks/Python.framework/Versions/3.6/lib/python3.6/site-packages/twisted/internet/defer.py", line 1386, in _inlineCallbacks
    result = g.send(result)
  File "/Library/Frameworks/Python.framework/Versions/3.6/lib/python3.6/site-packages/scrapy/core/downloader/middleware.py", line 53, in process_response
    spider=spider)
  File "/Library/Frameworks/Python.framework/Versions/3.6/lib/python3.6/site-packages/scrapy/downloadermiddlewares/httpcompression.py", line 39, in process_response
    decoded_body = self._decode(response.body, encoding.lower())
  File "/Library/Frameworks/Python.framework/Versions/3.6/lib/python3.6/site-packages/scrapy/downloadermiddlewares/httpcompression.py", line 55, in _decode
    body = gunzip(body)
  File "/Library/Frameworks/Python.framework/Versions/3.6/lib/python3.6/site-packages/scrapy/utils/gz.py", line 37, in gunzip
    chunk = read1(f, 8196)
  File "/Library/Frameworks/Python.framework/Versions/3.6/lib/python3.6/site-packages/scrapy/utils/gz.py", line 24, in read1
    return gzf.read1(size)
  File "/Library/Frameworks/Python.framework/Versions/3.6/lib/python3.6/gzip.py", line 289, in read1
    return self._buffer.read1(size)
  File "/Library/Frameworks/Python.framework/Versions/3.6/lib/python3.6/_compression.py", line 68, in readinto
    data = self.read(len(byte_view))
  File "/Library/Frameworks/Python.framework/Versions/3.6/lib/python3.6/gzip.py", line 463, in read
    if not self._read_gzip_header():
  File "/Library/Frameworks/Python.framework/Versions/3.6/lib/python3.6/gzip.py", line 411, in _read_gzip_header
    raise OSError('Not a gzipped file (%r)' % magic)
OSError: Not a gzipped file (b'\x03\x00')
2017-11-04 21:40:56 [scrapy.core.engine] INFO: Closing spider (finished)
2017-11-04 21:40:56 [scrapy.statscollectors] INFO: Dumping Scrapy stats:
{'downloader/request_bytes': 1050,
 'downloader/request_count': 1,
 'downloader/request_method_count/GET': 1,
 'downloader/response_bytes': 2433,
 'downloader/response_count': 1,
 'downloader/response_status_count/302': 1,
 'finish_reason': 'finished',
 'finish_time': datetime.datetime(2017, 11, 4, 13, 40, 56, 683669),
 'log_count/DEBUG': 1,
 'log_count/ERROR': 1,
 'log_count/INFO': 7,
 'memusage/max': 58548224,
 'memusage/startup': 58548224,
 'scheduler/dequeued': 1,
 'scheduler/dequeued/memory': 1,
 'scheduler/enqueued': 1,
 'scheduler/enqueued/memory': 1,
 'start_time': datetime.datetime(2017, 11, 4, 13, 40, 56, 128264)}
2017-11-04 21:40:56 [scrapy.core.engine] INFO: Spider closed (finished)
2017-11-04 22:35:33 [scrapy.utils.log] INFO: Scrapy 1.4.0 started (bot: qq_login)
2017-11-04 22:35:33 [scrapy.utils.log] INFO: Overridden settings: {'BOT_NAME': 'qq_login', 'LOG_FILE': 'scrapy.log', 'NEWSPIDER_MODULE': 'qq_login.spiders', 'SPIDER_MODULES': ['qq_login.spiders']}
2017-11-04 22:35:33 [scrapy.middleware] INFO: Enabled extensions:
['scrapy.extensions.corestats.CoreStats',
 'scrapy.extensions.telnet.TelnetConsole',
 'scrapy.extensions.memusage.MemoryUsage',
 'scrapy.extensions.logstats.LogStats']
2017-11-04 22:35:33 [scrapy.middleware] INFO: Enabled downloader middlewares:
['scrapy.downloadermiddlewares.httpauth.HttpAuthMiddleware',
 'scrapy.downloadermiddlewares.downloadtimeout.DownloadTimeoutMiddleware',
 'scrapy.downloadermiddlewares.defaultheaders.DefaultHeadersMiddleware',
 'scrapy.downloadermiddlewares.useragent.UserAgentMiddleware',
 'scrapy.downloadermiddlewares.retry.RetryMiddleware',
 'scrapy.downloadermiddlewares.redirect.MetaRefreshMiddleware',
 'scrapy.downloadermiddlewares.httpcompression.HttpCompressionMiddleware',
 'scrapy.downloadermiddlewares.redirect.RedirectMiddleware',
 'scrapy.downloadermiddlewares.cookies.CookiesMiddleware',
 'scrapy.downloadermiddlewares.httpproxy.HttpProxyMiddleware',
 'scrapy.downloadermiddlewares.stats.DownloaderStats']
2017-11-04 22:35:33 [scrapy.middleware] INFO: Enabled spider middlewares:
['scrapy.spidermiddlewares.httperror.HttpErrorMiddleware',
 'scrapy.spidermiddlewares.offsite.OffsiteMiddleware',
 'scrapy.spidermiddlewares.referer.RefererMiddleware',
 'scrapy.spidermiddlewares.urllength.UrlLengthMiddleware',
 'scrapy.spidermiddlewares.depth.DepthMiddleware']
2017-11-04 22:35:33 [scrapy.middleware] INFO: Enabled item pipelines:
[]
2017-11-04 22:35:33 [scrapy.core.engine] INFO: Spider opened
2017-11-04 22:35:33 [scrapy.extensions.logstats] INFO: Crawled 0 pages (at 0 pages/min), scraped 0 items (at 0 items/min)
2017-11-04 22:35:33 [scrapy.extensions.telnet] DEBUG: Telnet console listening on 127.0.0.1:6023
2017-11-04 22:35:34 [scrapy.core.engine] DEBUG: Crawled (200) <GET https://user.qzone.qq.com/1330065671> (referer: https://qzs.qzone.qq.com/qzone/v5/loginsucc.html?para=izone&from=iqq)
2017-11-04 22:35:34 [scrapy.core.engine] INFO: Closing spider (finished)
2017-11-04 22:35:34 [scrapy.statscollectors] INFO: Dumping Scrapy stats:
{'downloader/request_bytes': 1030,
 'downloader/request_count': 1,
 'downloader/request_method_count/GET': 1,
 'downloader/response_bytes': 39537,
 'downloader/response_count': 1,
 'downloader/response_status_count/200': 1,
 'finish_reason': 'finished',
 'finish_time': datetime.datetime(2017, 11, 4, 14, 35, 34, 704818),
 'log_count/DEBUG': 2,
 'log_count/INFO': 7,
 'memusage/max': 57991168,
 'memusage/startup': 57991168,
 'response_received_count': 1,
 'scheduler/dequeued': 1,
 'scheduler/dequeued/memory': 1,
 'scheduler/enqueued': 1,
 'scheduler/enqueued/memory': 1,
 'start_time': datetime.datetime(2017, 11, 4, 14, 35, 33, 732583)}
2017-11-04 22:35:34 [scrapy.core.engine] INFO: Spider closed (finished)
2017-11-05 11:29:06 [scrapy.utils.log] INFO: Scrapy 1.4.0 started (bot: qq_login)
2017-11-05 11:29:06 [scrapy.utils.log] INFO: Overridden settings: {'BOT_NAME': 'qq_login', 'LOG_FILE': 'scrapy.log', 'NEWSPIDER_MODULE': 'qq_login.spiders', 'SPIDER_MODULES': ['qq_login.spiders']}
2017-11-05 11:29:07 [scrapy.middleware] INFO: Enabled extensions:
['scrapy.extensions.corestats.CoreStats',
 'scrapy.extensions.telnet.TelnetConsole',
 'scrapy.extensions.memusage.MemoryUsage',
 'scrapy.extensions.logstats.LogStats']
2017-11-05 11:29:07 [scrapy.middleware] INFO: Enabled downloader middlewares:
['scrapy.downloadermiddlewares.httpauth.HttpAuthMiddleware',
 'scrapy.downloadermiddlewares.downloadtimeout.DownloadTimeoutMiddleware',
 'scrapy.downloadermiddlewares.defaultheaders.DefaultHeadersMiddleware',
 'scrapy.downloadermiddlewares.useragent.UserAgentMiddleware',
 'scrapy.downloadermiddlewares.retry.RetryMiddleware',
 'scrapy.downloadermiddlewares.redirect.MetaRefreshMiddleware',
 'scrapy.downloadermiddlewares.httpcompression.HttpCompressionMiddleware',
 'scrapy.downloadermiddlewares.redirect.RedirectMiddleware',
 'scrapy.downloadermiddlewares.cookies.CookiesMiddleware',
 'scrapy.downloadermiddlewares.httpproxy.HttpProxyMiddleware',
 'scrapy.downloadermiddlewares.stats.DownloaderStats']
2017-11-05 11:29:07 [scrapy.middleware] INFO: Enabled spider middlewares:
['scrapy.spidermiddlewares.httperror.HttpErrorMiddleware',
 'scrapy.spidermiddlewares.offsite.OffsiteMiddleware',
 'scrapy.spidermiddlewares.referer.RefererMiddleware',
 'scrapy.spidermiddlewares.urllength.UrlLengthMiddleware',
 'scrapy.spidermiddlewares.depth.DepthMiddleware']
2017-11-05 11:29:07 [scrapy.middleware] INFO: Enabled item pipelines:
[]
2017-11-05 11:29:07 [scrapy.core.engine] INFO: Spider opened
2017-11-05 11:29:07 [scrapy.extensions.logstats] INFO: Crawled 0 pages (at 0 pages/min), scraped 0 items (at 0 items/min)
2017-11-05 11:29:07 [scrapy.extensions.telnet] DEBUG: Telnet console listening on 127.0.0.1:6023
2017-11-05 11:29:08 [scrapy.core.engine] DEBUG: Crawled (200) <GET https://user.qzone.qq.com/1330065671> (referer: https://qzs.qzone.qq.com/qzone/v5/loginsucc.html?para=izone&from=iqq)
2017-11-05 11:29:08 [scrapy.core.engine] INFO: Closing spider (finished)
2017-11-05 11:29:08 [scrapy.statscollectors] INFO: Dumping Scrapy stats:
{'downloader/request_bytes': 1030,
 'downloader/request_count': 1,
 'downloader/request_method_count/GET': 1,
 'downloader/response_bytes': 38538,
 'downloader/response_count': 1,
 'downloader/response_status_count/200': 1,
 'finish_reason': 'finished',
 'finish_time': datetime.datetime(2017, 11, 5, 3, 29, 8, 366468),
 'log_count/DEBUG': 2,
 'log_count/INFO': 7,
 'memusage/max': 57876480,
 'memusage/startup': 57876480,
 'response_received_count': 1,
 'scheduler/dequeued': 1,
 'scheduler/dequeued/memory': 1,
 'scheduler/enqueued': 1,
 'scheduler/enqueued/memory': 1,
 'start_time': datetime.datetime(2017, 11, 5, 3, 29, 7, 135283)}
2017-11-05 11:29:08 [scrapy.core.engine] INFO: Spider closed (finished)
2017-11-05 11:32:39 [scrapy.utils.log] INFO: Scrapy 1.4.0 started (bot: qq_login)
2017-11-05 11:32:39 [scrapy.utils.log] INFO: Overridden settings: {'BOT_NAME': 'qq_login', 'LOG_FILE': 'scrapy.log', 'NEWSPIDER_MODULE': 'qq_login.spiders', 'SPIDER_MODULES': ['qq_login.spiders']}
2017-11-05 11:32:39 [scrapy.middleware] INFO: Enabled extensions:
['scrapy.extensions.corestats.CoreStats',
 'scrapy.extensions.telnet.TelnetConsole',
 'scrapy.extensions.memusage.MemoryUsage',
 'scrapy.extensions.logstats.LogStats']
2017-11-05 11:32:39 [scrapy.middleware] INFO: Enabled downloader middlewares:
['scrapy.downloadermiddlewares.httpauth.HttpAuthMiddleware',
 'scrapy.downloadermiddlewares.downloadtimeout.DownloadTimeoutMiddleware',
 'scrapy.downloadermiddlewares.defaultheaders.DefaultHeadersMiddleware',
 'scrapy.downloadermiddlewares.useragent.UserAgentMiddleware',
 'scrapy.downloadermiddlewares.retry.RetryMiddleware',
 'scrapy.downloadermiddlewares.redirect.MetaRefreshMiddleware',
 'scrapy.downloadermiddlewares.httpcompression.HttpCompressionMiddleware',
 'scrapy.downloadermiddlewares.redirect.RedirectMiddleware',
 'scrapy.downloadermiddlewares.cookies.CookiesMiddleware',
 'scrapy.downloadermiddlewares.httpproxy.HttpProxyMiddleware',
 'scrapy.downloadermiddlewares.stats.DownloaderStats']
2017-11-05 11:32:39 [scrapy.middleware] INFO: Enabled spider middlewares:
['scrapy.spidermiddlewares.httperror.HttpErrorMiddleware',
 'scrapy.spidermiddlewares.offsite.OffsiteMiddleware',
 'scrapy.spidermiddlewares.referer.RefererMiddleware',
 'scrapy.spidermiddlewares.urllength.UrlLengthMiddleware',
 'scrapy.spidermiddlewares.depth.DepthMiddleware']
2017-11-05 11:32:39 [scrapy.middleware] INFO: Enabled item pipelines:
[]
2017-11-05 11:32:39 [scrapy.core.engine] INFO: Spider opened
2017-11-05 11:32:40 [scrapy.extensions.logstats] INFO: Crawled 0 pages (at 0 pages/min), scraped 0 items (at 0 items/min)
2017-11-05 11:32:40 [scrapy.extensions.telnet] DEBUG: Telnet console listening on 127.0.0.1:6023
2017-11-05 11:32:40 [scrapy.core.engine] ERROR: Error while obtaining start requests
Traceback (most recent call last):
  File "/Library/Frameworks/Python.framework/Versions/3.6/lib/python3.6/site-packages/scrapy/core/engine.py", line 127, in _next_request
    request = next(slot.start_requests)
  File "/Users/ozintel/znfw_crawer/qq_login/qq_login/spiders/qq_spider.py", line 41, in start_requests
    callback=self.parse)
  File "/Library/Frameworks/Python.framework/Versions/3.6/lib/python3.6/site-packages/scrapy/http/request/__init__.py", line 25, in __init__
    self._set_url(url)
  File "/Library/Frameworks/Python.framework/Versions/3.6/lib/python3.6/site-packages/scrapy/http/request/__init__.py", line 58, in _set_url
    raise ValueError('Missing scheme in request url: %s' % self._url)
ValueError: Missing scheme in request url: h
2017-11-05 11:32:40 [scrapy.core.engine] INFO: Closing spider (finished)
2017-11-05 11:32:40 [scrapy.statscollectors] INFO: Dumping Scrapy stats:
{'finish_reason': 'finished',
 'finish_time': datetime.datetime(2017, 11, 5, 3, 32, 40, 15535),
 'log_count/DEBUG': 1,
 'log_count/ERROR': 1,
 'log_count/INFO': 7,
 'memusage/max': 58527744,
 'memusage/startup': 58527744,
 'start_time': datetime.datetime(2017, 11, 5, 3, 32, 39, 999817)}
2017-11-05 11:32:40 [scrapy.core.engine] INFO: Spider closed (finished)
2017-11-05 11:34:16 [scrapy.utils.log] INFO: Scrapy 1.4.0 started (bot: qq_login)
2017-11-05 11:34:16 [scrapy.utils.log] INFO: Overridden settings: {'BOT_NAME': 'qq_login', 'LOG_FILE': 'scrapy.log', 'NEWSPIDER_MODULE': 'qq_login.spiders', 'SPIDER_MODULES': ['qq_login.spiders']}
2017-11-05 11:34:16 [scrapy.middleware] INFO: Enabled extensions:
['scrapy.extensions.corestats.CoreStats',
 'scrapy.extensions.telnet.TelnetConsole',
 'scrapy.extensions.memusage.MemoryUsage',
 'scrapy.extensions.logstats.LogStats']
2017-11-05 11:34:16 [scrapy.middleware] INFO: Enabled downloader middlewares:
['scrapy.downloadermiddlewares.httpauth.HttpAuthMiddleware',
 'scrapy.downloadermiddlewares.downloadtimeout.DownloadTimeoutMiddleware',
 'scrapy.downloadermiddlewares.defaultheaders.DefaultHeadersMiddleware',
 'scrapy.downloadermiddlewares.useragent.UserAgentMiddleware',
 'scrapy.downloadermiddlewares.retry.RetryMiddleware',
 'scrapy.downloadermiddlewares.redirect.MetaRefreshMiddleware',
 'scrapy.downloadermiddlewares.httpcompression.HttpCompressionMiddleware',
 'scrapy.downloadermiddlewares.redirect.RedirectMiddleware',
 'scrapy.downloadermiddlewares.cookies.CookiesMiddleware',
 'scrapy.downloadermiddlewares.httpproxy.HttpProxyMiddleware',
 'scrapy.downloadermiddlewares.stats.DownloaderStats']
2017-11-05 11:34:16 [scrapy.middleware] INFO: Enabled spider middlewares:
['scrapy.spidermiddlewares.httperror.HttpErrorMiddleware',
 'scrapy.spidermiddlewares.offsite.OffsiteMiddleware',
 'scrapy.spidermiddlewares.referer.RefererMiddleware',
 'scrapy.spidermiddlewares.urllength.UrlLengthMiddleware',
 'scrapy.spidermiddlewares.depth.DepthMiddleware']
2017-11-05 11:34:16 [scrapy.middleware] INFO: Enabled item pipelines:
[]
2017-11-05 11:34:16 [scrapy.core.engine] INFO: Spider opened
2017-11-05 11:34:16 [scrapy.extensions.logstats] INFO: Crawled 0 pages (at 0 pages/min), scraped 0 items (at 0 items/min)
2017-11-05 11:34:16 [scrapy.extensions.telnet] DEBUG: Telnet console listening on 127.0.0.1:6023
2017-11-05 11:34:17 [scrapy.core.engine] DEBUG: Crawled (200) <GET https://user.qzone.qq.com/1330065671> (referer: https://qzs.qzone.qq.com/qzone/v5/loginsucc.html?para=izone&from=iqq)
2017-11-05 11:34:17 [scrapy.core.engine] INFO: Closing spider (finished)
2017-11-05 11:34:17 [scrapy.statscollectors] INFO: Dumping Scrapy stats:
{'downloader/request_bytes': 1030,
 'downloader/request_count': 1,
 'downloader/request_method_count/GET': 1,
 'downloader/response_bytes': 37026,
 'downloader/response_count': 1,
 'downloader/response_status_count/200': 1,
 'finish_reason': 'finished',
 'finish_time': datetime.datetime(2017, 11, 5, 3, 34, 17, 769101),
 'log_count/DEBUG': 2,
 'log_count/INFO': 7,
 'memusage/max': 58535936,
 'memusage/startup': 58535936,
 'response_received_count': 1,
 'scheduler/dequeued': 1,
 'scheduler/dequeued/memory': 1,
 'scheduler/enqueued': 1,
 'scheduler/enqueued/memory': 1,
 'start_time': datetime.datetime(2017, 11, 5, 3, 34, 16, 693198)}
2017-11-05 11:34:17 [scrapy.core.engine] INFO: Spider closed (finished)
2017-11-05 18:48:09 [scrapy.utils.log] INFO: Scrapy 1.4.0 started (bot: qq_login)
2017-11-05 18:48:09 [scrapy.utils.log] INFO: Overridden settings: {'BOT_NAME': 'qq_login', 'LOG_FILE': 'scrapy.log', 'NEWSPIDER_MODULE': 'qq_login.spiders', 'SPIDER_MODULES': ['qq_login.spiders']}
2017-11-05 18:48:09 [scrapy.middleware] INFO: Enabled extensions:
['scrapy.extensions.corestats.CoreStats',
 'scrapy.extensions.telnet.TelnetConsole',
 'scrapy.extensions.memusage.MemoryUsage',
 'scrapy.extensions.logstats.LogStats']
2017-11-05 18:48:09 [scrapy.middleware] INFO: Enabled downloader middlewares:
['scrapy.downloadermiddlewares.httpauth.HttpAuthMiddleware',
 'scrapy.downloadermiddlewares.downloadtimeout.DownloadTimeoutMiddleware',
 'scrapy.downloadermiddlewares.defaultheaders.DefaultHeadersMiddleware',
 'scrapy.downloadermiddlewares.useragent.UserAgentMiddleware',
 'scrapy.downloadermiddlewares.retry.RetryMiddleware',
 'scrapy.downloadermiddlewares.redirect.MetaRefreshMiddleware',
 'scrapy.downloadermiddlewares.httpcompression.HttpCompressionMiddleware',
 'scrapy.downloadermiddlewares.redirect.RedirectMiddleware',
 'scrapy.downloadermiddlewares.cookies.CookiesMiddleware',
 'scrapy.downloadermiddlewares.httpproxy.HttpProxyMiddleware',
 'scrapy.downloadermiddlewares.stats.DownloaderStats']
2017-11-05 18:48:09 [scrapy.middleware] INFO: Enabled spider middlewares:
['scrapy.spidermiddlewares.httperror.HttpErrorMiddleware',
 'scrapy.spidermiddlewares.offsite.OffsiteMiddleware',
 'scrapy.spidermiddlewares.referer.RefererMiddleware',
 'scrapy.spidermiddlewares.urllength.UrlLengthMiddleware',
 'scrapy.spidermiddlewares.depth.DepthMiddleware']
2017-11-05 18:48:09 [scrapy.middleware] INFO: Enabled item pipelines:
[]
2017-11-05 18:48:09 [scrapy.core.engine] INFO: Spider opened
2017-11-05 18:48:09 [scrapy.extensions.logstats] INFO: Crawled 0 pages (at 0 pages/min), scraped 0 items (at 0 items/min)
2017-11-05 18:48:09 [scrapy.extensions.telnet] DEBUG: Telnet console listening on 127.0.0.1:6023
2017-11-05 18:48:33 [scrapy.crawler] INFO: Received SIG_UNBLOCK, shutting down gracefully. Send again to force 
2017-11-05 18:48:33 [scrapy.core.engine] INFO: Closing spider (shutdown)
2017-11-05 18:48:37 [scrapy.utils.log] INFO: Scrapy 1.4.0 started (bot: qq_login)
2017-11-05 18:48:37 [scrapy.utils.log] INFO: Overridden settings: {'BOT_NAME': 'qq_login', 'LOG_FILE': 'scrapy.log', 'NEWSPIDER_MODULE': 'qq_login.spiders', 'SPIDER_MODULES': ['qq_login.spiders']}
2017-11-05 18:48:38 [scrapy.middleware] INFO: Enabled extensions:
['scrapy.extensions.corestats.CoreStats',
 'scrapy.extensions.telnet.TelnetConsole',
 'scrapy.extensions.memusage.MemoryUsage',
 'scrapy.extensions.logstats.LogStats']
2017-11-05 18:48:38 [scrapy.middleware] INFO: Enabled downloader middlewares:
['scrapy.downloadermiddlewares.httpauth.HttpAuthMiddleware',
 'scrapy.downloadermiddlewares.downloadtimeout.DownloadTimeoutMiddleware',
 'scrapy.downloadermiddlewares.defaultheaders.DefaultHeadersMiddleware',
 'scrapy.downloadermiddlewares.useragent.UserAgentMiddleware',
 'scrapy.downloadermiddlewares.retry.RetryMiddleware',
 'scrapy.downloadermiddlewares.redirect.MetaRefreshMiddleware',
 'scrapy.downloadermiddlewares.httpcompression.HttpCompressionMiddleware',
 'scrapy.downloadermiddlewares.redirect.RedirectMiddleware',
 'scrapy.downloadermiddlewares.cookies.CookiesMiddleware',
 'scrapy.downloadermiddlewares.httpproxy.HttpProxyMiddleware',
 'scrapy.downloadermiddlewares.stats.DownloaderStats']
2017-11-05 18:48:38 [scrapy.middleware] INFO: Enabled spider middlewares:
['scrapy.spidermiddlewares.httperror.HttpErrorMiddleware',
 'scrapy.spidermiddlewares.offsite.OffsiteMiddleware',
 'scrapy.spidermiddlewares.referer.RefererMiddleware',
 'scrapy.spidermiddlewares.urllength.UrlLengthMiddleware',
 'scrapy.spidermiddlewares.depth.DepthMiddleware']
2017-11-05 18:48:38 [scrapy.middleware] INFO: Enabled item pipelines:
[]
2017-11-05 18:48:38 [scrapy.core.engine] INFO: Spider opened
2017-11-05 18:48:38 [scrapy.extensions.logstats] INFO: Crawled 0 pages (at 0 pages/min), scraped 0 items (at 0 items/min)
2017-11-05 18:48:38 [scrapy.extensions.telnet] DEBUG: Telnet console listening on 127.0.0.1:6023
2017-11-05 18:49:13 [scrapy.crawler] INFO: Received SIG_UNBLOCK, shutting down gracefully. Send again to force 
2017-11-05 18:49:13 [scrapy.core.engine] INFO: Closing spider (shutdown)
2017-11-05 19:16:13 [scrapy.utils.log] INFO: Scrapy 1.4.0 started (bot: qq_login)
2017-11-05 19:16:13 [scrapy.utils.log] INFO: Overridden settings: {'BOT_NAME': 'qq_login', 'LOG_FILE': 'scrapy.log', 'NEWSPIDER_MODULE': 'qq_login.spiders', 'SPIDER_MODULES': ['qq_login.spiders']}
2017-11-05 19:16:13 [scrapy.middleware] INFO: Enabled extensions:
['scrapy.extensions.corestats.CoreStats',
 'scrapy.extensions.telnet.TelnetConsole',
 'scrapy.extensions.memusage.MemoryUsage',
 'scrapy.extensions.logstats.LogStats']
2017-11-05 19:16:13 [scrapy.middleware] INFO: Enabled downloader middlewares:
['scrapy.downloadermiddlewares.httpauth.HttpAuthMiddleware',
 'scrapy.downloadermiddlewares.downloadtimeout.DownloadTimeoutMiddleware',
 'scrapy.downloadermiddlewares.defaultheaders.DefaultHeadersMiddleware',
 'scrapy.downloadermiddlewares.useragent.UserAgentMiddleware',
 'scrapy.downloadermiddlewares.retry.RetryMiddleware',
 'scrapy.downloadermiddlewares.redirect.MetaRefreshMiddleware',
 'scrapy.downloadermiddlewares.httpcompression.HttpCompressionMiddleware',
 'scrapy.downloadermiddlewares.redirect.RedirectMiddleware',
 'scrapy.downloadermiddlewares.cookies.CookiesMiddleware',
 'scrapy.downloadermiddlewares.httpproxy.HttpProxyMiddleware',
 'scrapy.downloadermiddlewares.stats.DownloaderStats']
2017-11-05 19:16:13 [scrapy.middleware] INFO: Enabled spider middlewares:
['scrapy.spidermiddlewares.httperror.HttpErrorMiddleware',
 'scrapy.spidermiddlewares.offsite.OffsiteMiddleware',
 'scrapy.spidermiddlewares.referer.RefererMiddleware',
 'scrapy.spidermiddlewares.urllength.UrlLengthMiddleware',
 'scrapy.spidermiddlewares.depth.DepthMiddleware']
2017-11-05 19:16:13 [scrapy.middleware] INFO: Enabled item pipelines:
[]
2017-11-05 19:16:13 [scrapy.core.engine] INFO: Spider opened
2017-11-05 19:16:13 [scrapy.extensions.logstats] INFO: Crawled 0 pages (at 0 pages/min), scraped 0 items (at 0 items/min)
2017-11-05 19:16:13 [scrapy.extensions.telnet] DEBUG: Telnet console listening on 127.0.0.1:6023
2017-11-05 19:16:14 [scrapy.core.engine] DEBUG: Crawled (200) <GET https://user.qzone.qq.com/1330065671> (referer: https://qzs.qzone.qq.com/qzone/v5/loginsucc.html?para=izone&from=iqq)
2017-11-05 19:16:14 [scrapy.core.engine] INFO: Closing spider (finished)
2017-11-05 19:16:14 [scrapy.statscollectors] INFO: Dumping Scrapy stats:
{'downloader/request_bytes': 1278,
 'downloader/request_count': 1,
 'downloader/request_method_count/GET': 1,
 'downloader/response_bytes': 44317,
 'downloader/response_count': 1,
 'downloader/response_status_count/200': 1,
 'finish_reason': 'finished',
 'finish_time': datetime.datetime(2017, 11, 5, 11, 16, 14, 804582),
 'log_count/DEBUG': 2,
 'log_count/INFO': 7,
 'memusage/max': 58179584,
 'memusage/startup': 58179584,
 'response_received_count': 1,
 'scheduler/dequeued': 1,
 'scheduler/dequeued/memory': 1,
 'scheduler/enqueued': 1,
 'scheduler/enqueued/memory': 1,
 'start_time': datetime.datetime(2017, 11, 5, 11, 16, 13, 721216)}
2017-11-05 19:16:14 [scrapy.core.engine] INFO: Spider closed (finished)
2017-11-05 19:30:36 [scrapy.utils.log] INFO: Scrapy 1.4.0 started (bot: qq_login)
2017-11-05 19:30:36 [scrapy.utils.log] INFO: Overridden settings: {'BOT_NAME': 'qq_login', 'LOG_FILE': 'scrapy.log', 'NEWSPIDER_MODULE': 'qq_login.spiders', 'SPIDER_MODULES': ['qq_login.spiders']}
2017-11-05 19:30:36 [scrapy.middleware] INFO: Enabled extensions:
['scrapy.extensions.corestats.CoreStats',
 'scrapy.extensions.telnet.TelnetConsole',
 'scrapy.extensions.memusage.MemoryUsage',
 'scrapy.extensions.logstats.LogStats']
2017-11-05 19:30:36 [scrapy.middleware] INFO: Enabled downloader middlewares:
['scrapy.downloadermiddlewares.httpauth.HttpAuthMiddleware',
 'scrapy.downloadermiddlewares.downloadtimeout.DownloadTimeoutMiddleware',
 'scrapy.downloadermiddlewares.defaultheaders.DefaultHeadersMiddleware',
 'scrapy.downloadermiddlewares.useragent.UserAgentMiddleware',
 'scrapy.downloadermiddlewares.retry.RetryMiddleware',
 'scrapy.downloadermiddlewares.redirect.MetaRefreshMiddleware',
 'scrapy.downloadermiddlewares.httpcompression.HttpCompressionMiddleware',
 'scrapy.downloadermiddlewares.redirect.RedirectMiddleware',
 'scrapy.downloadermiddlewares.cookies.CookiesMiddleware',
 'scrapy.downloadermiddlewares.httpproxy.HttpProxyMiddleware',
 'scrapy.downloadermiddlewares.stats.DownloaderStats']
2017-11-05 19:30:36 [scrapy.middleware] INFO: Enabled spider middlewares:
['scrapy.spidermiddlewares.httperror.HttpErrorMiddleware',
 'scrapy.spidermiddlewares.offsite.OffsiteMiddleware',
 'scrapy.spidermiddlewares.referer.RefererMiddleware',
 'scrapy.spidermiddlewares.urllength.UrlLengthMiddleware',
 'scrapy.spidermiddlewares.depth.DepthMiddleware']
2017-11-05 19:30:36 [scrapy.middleware] INFO: Enabled item pipelines:
[]
2017-11-05 19:30:36 [scrapy.core.engine] INFO: Spider opened
2017-11-05 19:30:37 [scrapy.extensions.logstats] INFO: Crawled 0 pages (at 0 pages/min), scraped 0 items (at 0 items/min)
2017-11-05 19:30:37 [scrapy.extensions.telnet] DEBUG: Telnet console listening on 127.0.0.1:6023
2017-11-05 19:30:38 [scrapy.core.engine] DEBUG: Crawled (200) <GET https://user.qzone.qq.com/1330065671> (referer: https://qzs.qzone.qq.com/qzone/v5/loginsucc.html?para=izone&from=iqq)
2017-11-05 19:30:38 [scrapy.core.engine] DEBUG: Crawled (200) <GET https://user.qzone.qq.com/proxy/domain/r.qzone.qq.com/cgi-bin/tfriend/friend_ship_manager.cgi?uin=1330065671&do=1&rd=0.7009992448640003&fupdate=1&clean=1&g_tk=470876335&qzonetoken=6568171003da1b6770daf60877c135862bba8f1cce835ceb22b6b724c4ae8eba1c03bf7b27c6ad691e5f&g_tk=470876335> (referer: https://qzs.qzone.qq.com/qzone/v5/loginsucc.html?para=izone&from=iqq)
2017-11-05 19:30:38 [scrapy.core.engine] INFO: Closing spider (finished)
2017-11-05 19:30:38 [scrapy.statscollectors] INFO: Dumping Scrapy stats:
{'downloader/request_bytes': 3628,
 'downloader/request_count': 2,
 'downloader/request_method_count/GET': 2,
 'downloader/response_bytes': 48662,
 'downloader/response_count': 2,
 'downloader/response_status_count/200': 2,
 'finish_reason': 'finished',
 'finish_time': datetime.datetime(2017, 11, 5, 11, 30, 38, 546611),
 'log_count/DEBUG': 3,
 'log_count/INFO': 7,
 'memusage/max': 58146816,
 'memusage/startup': 58146816,
 'request_depth_max': 1,
 'response_received_count': 2,
 'scheduler/dequeued': 2,
 'scheduler/dequeued/memory': 2,
 'scheduler/enqueued': 2,
 'scheduler/enqueued/memory': 2,
 'start_time': datetime.datetime(2017, 11, 5, 11, 30, 37, 4164)}
2017-11-05 19:30:38 [scrapy.core.engine] INFO: Spider closed (finished)
2017-11-05 19:31:55 [scrapy.utils.log] INFO: Scrapy 1.4.0 started (bot: qq_login)
2017-11-05 19:31:55 [scrapy.utils.log] INFO: Overridden settings: {'BOT_NAME': 'qq_login', 'LOG_FILE': 'scrapy.log', 'NEWSPIDER_MODULE': 'qq_login.spiders', 'SPIDER_MODULES': ['qq_login.spiders']}
2017-11-05 19:31:55 [scrapy.middleware] INFO: Enabled extensions:
['scrapy.extensions.corestats.CoreStats',
 'scrapy.extensions.telnet.TelnetConsole',
 'scrapy.extensions.memusage.MemoryUsage',
 'scrapy.extensions.logstats.LogStats']
2017-11-05 19:31:55 [scrapy.middleware] INFO: Enabled downloader middlewares:
['scrapy.downloadermiddlewares.httpauth.HttpAuthMiddleware',
 'scrapy.downloadermiddlewares.downloadtimeout.DownloadTimeoutMiddleware',
 'scrapy.downloadermiddlewares.defaultheaders.DefaultHeadersMiddleware',
 'scrapy.downloadermiddlewares.useragent.UserAgentMiddleware',
 'scrapy.downloadermiddlewares.retry.RetryMiddleware',
 'scrapy.downloadermiddlewares.redirect.MetaRefreshMiddleware',
 'scrapy.downloadermiddlewares.httpcompression.HttpCompressionMiddleware',
 'scrapy.downloadermiddlewares.redirect.RedirectMiddleware',
 'scrapy.downloadermiddlewares.cookies.CookiesMiddleware',
 'scrapy.downloadermiddlewares.httpproxy.HttpProxyMiddleware',
 'scrapy.downloadermiddlewares.stats.DownloaderStats']
2017-11-05 19:31:55 [scrapy.middleware] INFO: Enabled spider middlewares:
['scrapy.spidermiddlewares.httperror.HttpErrorMiddleware',
 'scrapy.spidermiddlewares.offsite.OffsiteMiddleware',
 'scrapy.spidermiddlewares.referer.RefererMiddleware',
 'scrapy.spidermiddlewares.urllength.UrlLengthMiddleware',
 'scrapy.spidermiddlewares.depth.DepthMiddleware']
2017-11-05 19:31:55 [scrapy.middleware] INFO: Enabled item pipelines:
[]
2017-11-05 19:31:55 [scrapy.core.engine] INFO: Spider opened
2017-11-05 19:31:55 [scrapy.extensions.logstats] INFO: Crawled 0 pages (at 0 pages/min), scraped 0 items (at 0 items/min)
2017-11-05 19:31:55 [scrapy.extensions.telnet] DEBUG: Telnet console listening on 127.0.0.1:6023
2017-11-05 19:31:56 [scrapy.core.engine] DEBUG: Crawled (200) <GET https://user.qzone.qq.com/1330065671> (referer: https://qzs.qzone.qq.com/qzone/v5/loginsucc.html?para=izone&from=iqq)
2017-11-05 19:31:56 [scrapy.core.scraper] ERROR: Spider error processing <GET https://user.qzone.qq.com/1330065671> (referer: https://qzs.qzone.qq.com/qzone/v5/loginsucc.html?para=izone&from=iqq)
Traceback (most recent call last):
  File "/Library/Frameworks/Python.framework/Versions/3.6/lib/python3.6/site-packages/twisted/internet/defer.py", line 653, in _runCallbacks
    current.result = callback(current.result, *args, **kw)
TypeError: parse() takes 1 positional argument but 2 were given
2017-11-05 19:31:57 [scrapy.core.engine] INFO: Closing spider (finished)
2017-11-05 19:31:57 [scrapy.statscollectors] INFO: Dumping Scrapy stats:
{'downloader/request_bytes': 1278,
 'downloader/request_count': 1,
 'downloader/request_method_count/GET': 1,
 'downloader/response_bytes': 43024,
 'downloader/response_count': 1,
 'downloader/response_status_count/200': 1,
 'finish_reason': 'finished',
 'finish_time': datetime.datetime(2017, 11, 5, 11, 31, 57, 47376),
 'log_count/DEBUG': 2,
 'log_count/ERROR': 1,
 'log_count/INFO': 7,
 'memusage/max': 58380288,
 'memusage/startup': 58380288,
 'response_received_count': 1,
 'scheduler/dequeued': 1,
 'scheduler/dequeued/memory': 1,
 'scheduler/enqueued': 1,
 'scheduler/enqueued/memory': 1,
 'spider_exceptions/TypeError': 1,
 'start_time': datetime.datetime(2017, 11, 5, 11, 31, 55, 939746)}
2017-11-05 19:31:57 [scrapy.core.engine] INFO: Spider closed (finished)
2017-11-05 19:32:23 [scrapy.utils.log] INFO: Scrapy 1.4.0 started (bot: qq_login)
2017-11-05 19:32:23 [scrapy.utils.log] INFO: Overridden settings: {'BOT_NAME': 'qq_login', 'LOG_FILE': 'scrapy.log', 'NEWSPIDER_MODULE': 'qq_login.spiders', 'SPIDER_MODULES': ['qq_login.spiders']}
2017-11-05 19:32:23 [scrapy.middleware] INFO: Enabled extensions:
['scrapy.extensions.corestats.CoreStats',
 'scrapy.extensions.telnet.TelnetConsole',
 'scrapy.extensions.memusage.MemoryUsage',
 'scrapy.extensions.logstats.LogStats']
2017-11-05 19:32:23 [scrapy.middleware] INFO: Enabled downloader middlewares:
['scrapy.downloadermiddlewares.httpauth.HttpAuthMiddleware',
 'scrapy.downloadermiddlewares.downloadtimeout.DownloadTimeoutMiddleware',
 'scrapy.downloadermiddlewares.defaultheaders.DefaultHeadersMiddleware',
 'scrapy.downloadermiddlewares.useragent.UserAgentMiddleware',
 'scrapy.downloadermiddlewares.retry.RetryMiddleware',
 'scrapy.downloadermiddlewares.redirect.MetaRefreshMiddleware',
 'scrapy.downloadermiddlewares.httpcompression.HttpCompressionMiddleware',
 'scrapy.downloadermiddlewares.redirect.RedirectMiddleware',
 'scrapy.downloadermiddlewares.cookies.CookiesMiddleware',
 'scrapy.downloadermiddlewares.httpproxy.HttpProxyMiddleware',
 'scrapy.downloadermiddlewares.stats.DownloaderStats']
2017-11-05 19:32:23 [scrapy.middleware] INFO: Enabled spider middlewares:
['scrapy.spidermiddlewares.httperror.HttpErrorMiddleware',
 'scrapy.spidermiddlewares.offsite.OffsiteMiddleware',
 'scrapy.spidermiddlewares.referer.RefererMiddleware',
 'scrapy.spidermiddlewares.urllength.UrlLengthMiddleware',
 'scrapy.spidermiddlewares.depth.DepthMiddleware']
2017-11-05 19:32:23 [scrapy.middleware] INFO: Enabled item pipelines:
[]
2017-11-05 19:32:23 [scrapy.core.engine] INFO: Spider opened
2017-11-05 19:32:23 [scrapy.extensions.logstats] INFO: Crawled 0 pages (at 0 pages/min), scraped 0 items (at 0 items/min)
2017-11-05 19:32:23 [scrapy.extensions.telnet] DEBUG: Telnet console listening on 127.0.0.1:6023
2017-11-05 19:32:24 [scrapy.core.engine] DEBUG: Crawled (200) <GET https://user.qzone.qq.com/1330065671> (referer: https://qzs.qzone.qq.com/qzone/v5/loginsucc.html?para=izone&from=iqq)
2017-11-05 19:32:24 [scrapy.core.engine] DEBUG: Crawled (200) <GET https://user.qzone.qq.com/proxy/domain/r.qzone.qq.com/cgi-bin/tfriend/friend_ship_manager.cgi?uin=1330065671&do=1&rd=0.7009992448640003&fupdate=1&clean=1&g_tk=470876335&qzonetoken=6568171003da1b6770daf60877c135862bba8f1cce835ceb22b6b724c4ae8eba1c03bf7b27c6ad691e5f&g_tk=470876335> (referer: https://qzs.qzone.qq.com/qzone/v5/loginsucc.html?para=izone&from=iqq)
2017-11-05 19:32:25 [scrapy.core.engine] INFO: Closing spider (finished)
2017-11-05 19:32:25 [scrapy.statscollectors] INFO: Dumping Scrapy stats:
{'downloader/request_bytes': 3628,
 'downloader/request_count': 2,
 'downloader/request_method_count/GET': 2,
 'downloader/response_bytes': 48628,
 'downloader/response_count': 2,
 'downloader/response_status_count/200': 2,
 'finish_reason': 'finished',
 'finish_time': datetime.datetime(2017, 11, 5, 11, 32, 25, 78277),
 'log_count/DEBUG': 3,
 'log_count/INFO': 7,
 'memusage/max': 58257408,
 'memusage/startup': 58257408,
 'request_depth_max': 1,
 'response_received_count': 2,
 'scheduler/dequeued': 2,
 'scheduler/dequeued/memory': 2,
 'scheduler/enqueued': 2,
 'scheduler/enqueued/memory': 2,
 'start_time': datetime.datetime(2017, 11, 5, 11, 32, 23, 424706)}
2017-11-05 19:32:25 [scrapy.core.engine] INFO: Spider closed (finished)
